Using pre-set license
Built from '2021.3/release' branch; Version is '2021.3.17f1 (3e8111cac19d) revision 4096273'; Using compiler version '192829333'; Build Type 'Release'
OS: 'Windows 11  (10.0.22621) 64bit Professional' Language: 'en' Physical Memory: 32687 MB
BatchMode: 1, IsHumanControllingUs: 0, StartBugReporterOnCrash: 0, Is64bit: 1, IsPro: 1

COMMAND LINE ARGUMENTS:
C:\Program Files\Unity\Hub\Editor\Unity 2021.3.17f1\Editor\Unity.exe
-adb2
-batchMode
-noUpm
-name
AssetImportWorker11
-projectPath
C:/Users/saran/Desktop/4410/4410 game/4410_game/BTBA
-logFile
Logs/AssetImportWorker11.log
-srvPort
55611
Successfully changed project path to: C:/Users/saran/Desktop/4410/4410 game/4410_game/BTBA
C:/Users/saran/Desktop/4410/4410 game/4410_game/BTBA
[UnityMemory] Configuration Parameters - Can be set up in boot.config
    "memorysetup-bucket-allocator-granularity=16"
    "memorysetup-bucket-allocator-bucket-count=8"
    "memorysetup-bucket-allocator-block-size=33554432"
    "memorysetup-bucket-allocator-block-count=8"
    "memorysetup-main-allocator-block-size=16777216"
    "memorysetup-thread-allocator-block-size=16777216"
    "memorysetup-gfx-main-allocator-block-size=16777216"
    "memorysetup-gfx-thread-allocator-block-size=16777216"
    "memorysetup-cache-allocator-block-size=4194304"
    "memorysetup-typetree-allocator-block-size=2097152"
    "memorysetup-profiler-bucket-allocator-granularity=16"
    "memorysetup-profiler-bucket-allocator-bucket-count=8"
    "memorysetup-profiler-bucket-allocator-block-size=33554432"
    "memorysetup-profiler-bucket-allocator-block-count=8"
    "memorysetup-profiler-allocator-block-size=16777216"
    "memorysetup-profiler-editor-allocator-block-size=1048576"
    "memorysetup-temp-allocator-size-main=16777216"
    "memorysetup-job-temp-allocator-block-size=2097152"
    "memorysetup-job-temp-allocator-block-size-background=1048576"
    "memorysetup-job-temp-allocator-reduction-small-platforms=262144"
    "memorysetup-temp-allocator-size-background-worker=32768"
    "memorysetup-temp-allocator-size-job-worker=262144"
    "memorysetup-temp-allocator-size-preload-manager=33554432"
    "memorysetup-temp-allocator-size-nav-mesh-worker=65536"
    "memorysetup-temp-allocator-size-audio-worker=65536"
    "memorysetup-temp-allocator-size-cloud-worker=32768"
    "memorysetup-temp-allocator-size-gi-baking-worker=262144"
    "memorysetup-temp-allocator-size-gfx=262144"
Player connection [41192] Host "[IP] 10.5.0.2 [Port] 0 [Flags] 2 [Guid] 673321109 [EditorId] 673321109 [Version] 1048832 [Id] WindowsEditor(7,Aorus) [Debug] 1 [PackageName] WindowsEditor [ProjectName] Editor" joined multi-casting on [225.0.0.222:54997]...

Player connection [41192] Host "[IP] 10.5.0.2 [Port] 0 [Flags] 2 [Guid] 673321109 [EditorId] 673321109 [Version] 1048832 [Id] WindowsEditor(7,Aorus) [Debug] 1 [PackageName] WindowsEditor [ProjectName] Editor" joined alternative multi-casting on [225.0.0.222:34997]...

Refreshing native plugins compatible for Editor in 158.75 ms, found 3 plugins.
Preloading 0 native plugins for Editor in 0.00 ms.
Initialize engine version: 2021.3.17f1 (3e8111cac19d)
[Subsystems] Discovering subsystems at path C:/Program Files/Unity/Hub/Editor/Unity 2021.3.17f1/Editor/Data/Resources/UnitySubsystems
[Subsystems] Discovering subsystems at path C:/Users/saran/Desktop/4410/4410 game/4410_game/BTBA/Assets
GfxDevice: creating device client; threaded=0; jobified=0
Direct3D:
    Version:  Direct3D 11.0 [level 11.1]
    Renderer: NVIDIA GeForce RTX 2080 Ti (ID=0x1e07)
    Vendor:   NVIDIA
    VRAM:     11041 MB
    Driver:   31.0.15.3129
Initialize mono
Mono path[0] = 'C:/Program Files/Unity/Hub/Editor/Unity 2021.3.17f1/Editor/Data/Managed'
Mono path[1] = 'C:/Program Files/Unity/Hub/Editor/Unity 2021.3.17f1/Editor/Data/MonoBleedingEdge/lib/mono/unityjit-win32'
Mono config path = 'C:/Program Files/Unity/Hub/Editor/Unity 2021.3.17f1/Editor/Data/MonoBleedingEdge/etc'
Using monoOptions --debugger-agent=transport=dt_socket,embedding=1,server=y,suspend=n,address=127.0.0.1:56788
Begin MonoManager ReloadAssembly
Registering precompiled unity dll's ...
Register platform support module: C:/Program Files/Unity/Hub/Editor/Unity 2021.3.17f1/Editor/Data/PlaybackEngines/WindowsStandaloneSupport/UnityEditor.WindowsStandalone.Extensions.dll
Registered in 0.003640 seconds.
Native extension for WindowsStandalone target not found
Refreshing native plugins compatible for Editor in 115.11 ms, found 3 plugins.
Preloading 0 native plugins for Editor in 0.00 ms.
Mono: successfully reloaded assembly
- Completed reload, in  0.478 seconds
Domain Reload Profiling:
	ReloadAssembly (478ms)
		BeginReloadAssembly (47ms)
			ExecutionOrderSort (0ms)
			DisableScriptedObjects (0ms)
			BackupInstance (0ms)
			ReleaseScriptingObjects (0ms)
			CreateAndSetChildDomain (0ms)
		EndReloadAssembly (357ms)
			LoadAssemblies (45ms)
			RebuildTransferFunctionScriptingTraits (0ms)
			SetupTypeCache (65ms)
			ReleaseScriptCaches (0ms)
			RebuildScriptCaches (16ms)
			SetupLoadedEditorAssemblies (240ms)
				LogAssemblyErrors (0ms)
				InitializePlatformSupportModulesInManaged (5ms)
				SetLoadedEditorAssemblies (0ms)
				RefreshPlugins (115ms)
				BeforeProcessingInitializeOnLoad (1ms)
				ProcessInitializeOnLoadAttributes (90ms)
				ProcessInitializeOnLoadMethodAttributes (28ms)
				AfterProcessingInitializeOnLoad (0ms)
				EditorAssembliesLoaded (0ms)
			ExecutionOrderSort2 (0ms)
			AwakeInstancesAfterBackupRestoration (0ms)
Platform modules already initialized, skipping
Registering precompiled user dll's ...
Registered in 0.006021 seconds.
Begin MonoManager ReloadAssembly
Symbol file LoadedFromMemory doesn't match image C:\Users\saran\Desktop\4410\4410 game\4410_game\BTBA\Library\PackageCache\com.unity.visualscripting@1.8.0\Editor\VisualScripting.Core\Dependencies\YamlDotNet\Unity.VisualScripting.YamlDotNet.dll
Symbol file LoadedFromMemory doesn't match image C:\Users\saran\Desktop\4410\4410 game\4410_game\BTBA\Library\PackageCache\com.unity.visualscripting@1.8.0\Editor\VisualScripting.Core\Dependencies\DotNetZip\Unity.VisualScripting.IonicZip.dll
Native extension for WindowsStandalone target not found
Refreshing native plugins compatible for Editor in 122.52 ms, found 3 plugins.
Preloading 0 native plugins for Editor in 0.00 ms.
Mono: successfully reloaded assembly
- Completed reload, in  1.048 seconds
Domain Reload Profiling:
	ReloadAssembly (1049ms)
		BeginReloadAssembly (76ms)
			ExecutionOrderSort (0ms)
			DisableScriptedObjects (4ms)
			BackupInstance (0ms)
			ReleaseScriptingObjects (0ms)
			CreateAndSetChildDomain (14ms)
		EndReloadAssembly (894ms)
			LoadAssemblies (68ms)
			RebuildTransferFunctionScriptingTraits (0ms)
			SetupTypeCache (206ms)
			ReleaseScriptCaches (1ms)
			RebuildScriptCaches (43ms)
			SetupLoadedEditorAssemblies (553ms)
				LogAssemblyErrors (0ms)
				InitializePlatformSupportModulesInManaged (3ms)
				SetLoadedEditorAssemblies (0ms)
				RefreshPlugins (123ms)
				BeforeProcessingInitializeOnLoad (96ms)
				ProcessInitializeOnLoadAttributes (275ms)
				ProcessInitializeOnLoadMethodAttributes (51ms)
				AfterProcessingInitializeOnLoad (5ms)
				EditorAssembliesLoaded (0ms)
			ExecutionOrderSort2 (0ms)
			AwakeInstancesAfterBackupRestoration (4ms)
Platform modules already initialized, skipping
========================================================================
Worker process is ready to serve import requests
Launched and connected shader compiler UnityShaderCompiler.exe after 0.03 seconds
Refreshing native plugins compatible for Editor in 1.48 ms, found 3 plugins.
Preloading 0 native plugins for Editor in 0.00 ms.
Unloading 6255 Unused Serialized files (Serialized files now loaded: 0)
Unloading 71 unused Assets / (2.1 MB). Loaded Objects now: 6711.
Memory consumption went from 279.1 MB to 277.1 MB.
Total: 3.973200 ms (FindLiveObjects: 0.429000 ms CreateObjectMapping: 0.308800 ms MarkObjects: 2.768700 ms  DeleteObjects: 0.466100 ms)

AssetImportParameters requested are different than current active one (requested -> active):
  custom:video-decoder-ogg-theora: a1e56fd34408186e4bbccfd4996cb3dc -> 
  custom:container-muxer-webm: aa71ff27fc2769a1b78a27578f13a17b -> 
  custom:container-demuxer-webm: 4f35f7cbe854078d1ac9338744f61a02 -> 
  custom:video-encoder-webm-vp8: eb34c28f22e8b96e1ab97ce403110664 -> 
  custom:video-codec-MediaFoundation-h265: e54d7ab0439102e2317fc1e4b246158d -> 
  custom:audio-encoder-webm-vorbis: bf7c407c2cedff20999df2af8eb42d56 -> 
  custom:framework-win-MediaFoundation: 216162199b28c13a410421893ffa2e32 -> 
  custom:container-demuxer-ogg: 62fdf1f143b41e24485cea50d1cbac27 -> 
  custom:video-decoder-webm-vp8: 9c59270c3fd7afecdb556c50c9e8de78 -> 
  custom:audio-decoder-ogg-vorbis: bf7c407c2cedff20999df2af8eb42d56 -> 
========================================================================
Received Import Request.
  Time since last request: 288972.316518 seconds.
  path: Assets/SyntyStudios/PolygonCity/FX/FX_Rain.prefab
  artifactKey: Guid(004c0bf81fbf1a342af7262f965b564f) Importer(815301076,1909f56bfc062723c751e8b465ee728b)
Start importing Assets/SyntyStudios/PolygonCity/FX/FX_Rain.prefab using Guid(004c0bf81fbf1a342af7262f965b564f) Importer(815301076,1909f56bfc062723c751e8b465ee728b)  -> (artifact id: 'ae84578604472fdacfe27c93a7f4e44c') in 0.196725 seconds 
========================================================================
Received Import Request.
  Time since last request: 615.383961 seconds.
  path: Assets/TextMesh Pro/Resources/Fonts & Materials/LiberationSans SDF - Drop Shadow.mat
  artifactKey: Guid(e73a58f6e2794ae7b1b7e50b7fb811b0) Importer(815301076,1909f56bfc062723c751e8b465ee728b)
Start importing Assets/TextMesh Pro/Resources/Fonts & Materials/LiberationSans SDF - Drop Shadow.mat using Guid(e73a58f6e2794ae7b1b7e50b7fb811b0) Importer(815301076,1909f56bfc062723c751e8b465ee728b)  -> (artifact id: 'b218ac14740e8216265a15eebc5a31a7') in 0.081254 seconds 
========================================================================
Received Import Request.
  Time since last request: 5.998435 seconds.
  path: Assets/Brick Project Studio/_BPS Basic Assets/Common/Materials/Legacy/Wood Floor 01.mat
  artifactKey: Guid(049ac0e838cb3a342887cf48a2b06db4) Importer(815301076,1909f56bfc062723c751e8b465ee728b)
Start importing Assets/Brick Project Studio/_BPS Basic Assets/Common/Materials/Legacy/Wood Floor 01.mat using Guid(049ac0e838cb3a342887cf48a2b06db4) Importer(815301076,1909f56bfc062723c751e8b465ee728b)  -> (artifact id: '254d9760d3fa66f7ba0497983503be38') in 0.047609 seconds 
========================================================================
Received Import Request.
  Time since last request: 44.548706 seconds.
  path: Assets/SyntyStudios/PolygonStarter/PolygonPrototype/Materials/PolygonPrototype_Texture_01.mat
  artifactKey: Guid(41680dad0f0243748b4e228f49a2e3c4) Importer(815301076,1909f56bfc062723c751e8b465ee728b)
Start importing Assets/SyntyStudios/PolygonStarter/PolygonPrototype/Materials/PolygonPrototype_Texture_01.mat using Guid(41680dad0f0243748b4e228f49a2e3c4) Importer(815301076,1909f56bfc062723c751e8b465ee728b)  -> (artifact id: '446edead8225032b7cd02244ce74a212') in 0.010832 seconds 
========================================================================
Received Import Request.
  Time since last request: 0.130026 seconds.
  path: Assets/SyntyStudios/PolygonStarter/PolygonPrototype/Materials/Misc/PolygonPrototype_Texture_01_Vehicle.mat
  artifactKey: Guid(98bc34ddef060be4ea47e99161e9df8f) Importer(815301076,1909f56bfc062723c751e8b465ee728b)
Start importing Assets/SyntyStudios/PolygonStarter/PolygonPrototype/Materials/Misc/PolygonPrototype_Texture_01_Vehicle.mat using Guid(98bc34ddef060be4ea47e99161e9df8f) Importer(815301076,1909f56bfc062723c751e8b465ee728b)  -> (artifact id: '6e7b75cbb03341f205ec189009a3e5a0') in 0.016150 seconds 
========================================================================
Received Import Request.
  Time since last request: 185.037033 seconds.
  path: Assets/SyntyStudios/PolygonCity/FX/FX_Rain.prefab
  artifactKey: Guid(004c0bf81fbf1a342af7262f965b564f) Importer(815301076,1909f56bfc062723c751e8b465ee728b)
Start importing Assets/SyntyStudios/PolygonCity/FX/FX_Rain.prefab using Guid(004c0bf81fbf1a342af7262f965b564f) Importer(815301076,1909f56bfc062723c751e8b465ee728b)  -> (artifact id: '6f8a454021abd73d71ecf8b921315caa') in 0.019397 seconds 
========================================================================
Received Import Request.
  Time since last request: 50.630475 seconds.
  path: Assets/Brick Project Studio/_BPS Basic Assets/Common/Materials/Basic Assets/Int_BS_01.mat
  artifactKey: Guid(f03383d98b6709647991c50d409cf0af) Importer(815301076,1909f56bfc062723c751e8b465ee728b)
Start importing Assets/Brick Project Studio/_BPS Basic Assets/Common/Materials/Basic Assets/Int_BS_01.mat using Guid(f03383d98b6709647991c50d409cf0af) Importer(815301076,1909f56bfc062723c751e8b465ee728b)  -> (artifact id: 'c4cccf435686590f2ce7f26a1ab43bff') in 0.018271 seconds 
========================================================================
Received Import Request.
  Time since last request: 0.000022 seconds.
  path: Assets/Brick Project Studio/Apartment Kit/Common/Materials/Misc/Lamp 02 Standing.mat
  artifactKey: Guid(fe8413b8ec60cb04f81b8c9b23e233f6) Importer(815301076,1909f56bfc062723c751e8b465ee728b)
Start importing Assets/Brick Project Studio/Apartment Kit/Common/Materials/Misc/Lamp 02 Standing.mat using Guid(fe8413b8ec60cb04f81b8c9b23e233f6) Importer(815301076,1909f56bfc062723c751e8b465ee728b)  -> (artifact id: '8a8ea026dbcfe6401a371df96c216f4d') in 0.013425 seconds 
========================================================================
Received Import Request.
  Time since last request: 18.945849 seconds.
  path: Assets/SyntyStudios/PolygonAdventure/Materials/PolyAdventureMaterial_02.mat
  artifactKey: Guid(880f89810f43de443898ff2ccd0fb5f3) Importer(815301076,1909f56bfc062723c751e8b465ee728b)
Start importing Assets/SyntyStudios/PolygonAdventure/Materials/PolyAdventureMaterial_02.mat using Guid(880f89810f43de443898ff2ccd0fb5f3) Importer(815301076,1909f56bfc062723c751e8b465ee728b)  -> (artifact id: '826819cc101173415b05560af26d0f78') in 0.011809 seconds 
========================================================================
Received Import Request.
  Time since last request: 4.814541 seconds.
  path: Assets/SyntyStudios/PolygonCity/Models/Materials/PolygonCity_Texture_01_C.mat
  artifactKey: Guid(94cab6af8653f8f4399b38366d45ec68) Importer(815301076,1909f56bfc062723c751e8b465ee728b)
Start importing Assets/SyntyStudios/PolygonCity/Models/Materials/PolygonCity_Texture_01_C.mat using Guid(94cab6af8653f8f4399b38366d45ec68) Importer(815301076,1909f56bfc062723c751e8b465ee728b)  -> (artifact id: 'cc2688b261b6dec3b6c31e500ce0cad5') in 0.010984 seconds 
========================================================================
Received Import Request.
  Time since last request: 0.151504 seconds.
  path: Assets/SyntyStudios/PolygonSamples/PolygonDungeons/Materials/PolygonDungeons_Texture_A_01.mat
  artifactKey: Guid(3f0fd52466ec6464187d4ea1c8b6f6f9) Importer(815301076,1909f56bfc062723c751e8b465ee728b)
Start importing Assets/SyntyStudios/PolygonSamples/PolygonDungeons/Materials/PolygonDungeons_Texture_A_01.mat using Guid(3f0fd52466ec6464187d4ea1c8b6f6f9) Importer(815301076,1909f56bfc062723c751e8b465ee728b)  -> (artifact id: '865943dc045f3190a96c8035af6ab595') in 0.012742 seconds 
========================================================================
Received Import Request.
  Time since last request: 0.148903 seconds.
  path: Assets/SyntyStudios/PolygonStarter/PolygonPrototype/Materials/Misc/PolygonPrototype_Glass.mat
  artifactKey: Guid(ab27c4a4c283cac489ef589c67077626) Importer(815301076,1909f56bfc062723c751e8b465ee728b)
Start importing Assets/SyntyStudios/PolygonStarter/PolygonPrototype/Materials/Misc/PolygonPrototype_Glass.mat using Guid(ab27c4a4c283cac489ef589c67077626) Importer(815301076,1909f56bfc062723c751e8b465ee728b)  -> (artifact id: 'c14c6cba382e17d4d1090aea8205d331') in 0.010776 seconds 
========================================================================
Received Import Request.
  Time since last request: 1.833708 seconds.
  path: Assets/SyntyStudios/PolygonStarter/PolygonPrototype/Materials/PolygonPrototype_Texture_02.mat
  artifactKey: Guid(f685a57b9da560a448bb95374a652f90) Importer(815301076,1909f56bfc062723c751e8b465ee728b)
Start importing Assets/SyntyStudios/PolygonStarter/PolygonPrototype/Materials/PolygonPrototype_Texture_02.mat using Guid(f685a57b9da560a448bb95374a652f90) Importer(815301076,1909f56bfc062723c751e8b465ee728b)  -> (artifact id: '43389c582139a06f02b9752754d7c0b1') in 0.022308 seconds 
========================================================================
Received Import Request.
  Time since last request: 0.069318 seconds.
  path: Assets/SyntyStudios/PolygonStarter/PolygonPrototype/Materials/PolygonPrototype_Texture_05.mat
  artifactKey: Guid(40347e2344b3ed04a8165ea238a93a0b) Importer(815301076,1909f56bfc062723c751e8b465ee728b)
Start importing Assets/SyntyStudios/PolygonStarter/PolygonPrototype/Materials/PolygonPrototype_Texture_05.mat using Guid(40347e2344b3ed04a8165ea238a93a0b) Importer(815301076,1909f56bfc062723c751e8b465ee728b)  -> (artifact id: 'befdef06b5841aa7058b1833106b58e9') in 0.014350 seconds 
========================================================================
Received Import Request.
  Time since last request: 0.000029 seconds.
  path: Assets/SyntyStudios/PolygonStarter/PolygonPrototype/Materials/PolygonPrototype_Texture_07.mat
  artifactKey: Guid(6ba9f4735549d5b44b46a1e2a07ff751) Importer(815301076,1909f56bfc062723c751e8b465ee728b)
Start importing Assets/SyntyStudios/PolygonStarter/PolygonPrototype/Materials/PolygonPrototype_Texture_07.mat using Guid(6ba9f4735549d5b44b46a1e2a07ff751) Importer(815301076,1909f56bfc062723c751e8b465ee728b)  -> (artifact id: 'f973950ee1f75ec50dfbe9f0e9a945f6') in 0.019890 seconds 
========================================================================
Received Import Request.
  Time since last request: 0.382321 seconds.
  path: Assets/SyntyStudios/PolygonStarter/PolygonPrototype/Materials/PolygonPrototype_Texture_09.mat
  artifactKey: Guid(dcc9a0b939c99774089653966acc8d75) Importer(815301076,1909f56bfc062723c751e8b465ee728b)
Start importing Assets/SyntyStudios/PolygonStarter/PolygonPrototype/Materials/PolygonPrototype_Texture_09.mat using Guid(dcc9a0b939c99774089653966acc8d75) Importer(815301076,1909f56bfc062723c751e8b465ee728b)  -> (artifact id: '7f61013cf0d936617e9b12dd3e98b341') in 0.031255 seconds 
========================================================================
Received Import Request.
  Time since last request: 0.067658 seconds.
  path: Assets/SyntyStudios/PolygonStarter/PolygonPrototype/Materials/PolygonPrototype_Wire_White.mat
  artifactKey: Guid(ee178595c69007f46bf030c509a32f14) Importer(815301076,1909f56bfc062723c751e8b465ee728b)
Start importing Assets/SyntyStudios/PolygonStarter/PolygonPrototype/Materials/PolygonPrototype_Wire_White.mat using Guid(ee178595c69007f46bf030c509a32f14) Importer(815301076,1909f56bfc062723c751e8b465ee728b)  -> (artifact id: 'f1c0111bdf7f7ad26ed7e2c82ad7cc63') in 0.020377 seconds 
========================================================================
Received Import Request.
  Time since last request: 2.216418 seconds.
  path: Assets/SyntyStudios/PolygonSamples/PolygonSciFiCity/Materials/PolygonScifi_Mat_01_B.mat
  artifactKey: Guid(e4a69b62e9cf11349b8f27cf46068210) Importer(815301076,1909f56bfc062723c751e8b465ee728b)
Start importing Assets/SyntyStudios/PolygonSamples/PolygonSciFiCity/Materials/PolygonScifi_Mat_01_B.mat using Guid(e4a69b62e9cf11349b8f27cf46068210) Importer(815301076,1909f56bfc062723c751e8b465ee728b)  -> (artifact id: '42c6c0151e078fc9377d0279e5286450') in 0.029524 seconds 
========================================================================
Received Import Request.
  Time since last request: 0.686914 seconds.
  path: Assets/SyntyStudios/PolygonStarter/Materials/Plane/PolygonStarter_Mat_Plane_02.mat
  artifactKey: Guid(dce3a789f595f224a85f5cf4f2e6667d) Importer(815301076,1909f56bfc062723c751e8b465ee728b)
Start importing Assets/SyntyStudios/PolygonStarter/Materials/Plane/PolygonStarter_Mat_Plane_02.mat using Guid(dce3a789f595f224a85f5cf4f2e6667d) Importer(815301076,1909f56bfc062723c751e8b465ee728b)  -> (artifact id: '7bf96b7fe42af5966f75df494a515ffa') in 0.022186 seconds 
========================================================================
Received Import Request.
  Time since last request: 0.610782 seconds.
  path: Assets/SyntyStudios/PolygonKnights/Materials/PolyKnights_Character_Mat_Black.mat
  artifactKey: Guid(ccae2dc6cf6f0c4479b782fedd0c8172) Importer(815301076,1909f56bfc062723c751e8b465ee728b)
Start importing Assets/SyntyStudios/PolygonKnights/Materials/PolyKnights_Character_Mat_Black.mat using Guid(ccae2dc6cf6f0c4479b782fedd0c8172) Importer(815301076,1909f56bfc062723c751e8b465ee728b)  -> (artifact id: '40f25f50acfa8370625e41b00537de59') in 0.022204 seconds 
========================================================================
Received Import Request.
  Time since last request: 0.237055 seconds.
  path: Assets/SyntyStudios/PolygonKnights/Materials/PolyKnights_Character_Mat_Yellow.mat
  artifactKey: Guid(84d244f5382d34e4ea928b070302fb7b) Importer(815301076,1909f56bfc062723c751e8b465ee728b)
Start importing Assets/SyntyStudios/PolygonKnights/Materials/PolyKnights_Character_Mat_Yellow.mat using Guid(84d244f5382d34e4ea928b070302fb7b) Importer(815301076,1909f56bfc062723c751e8b465ee728b)  -> (artifact id: '65987acea9fce42d49cb0b3037cd2ac4') in 0.012237 seconds 
========================================================================
Received Import Request.
  Time since last request: 3.401890 seconds.
  path: Assets/Brick Project Studio/Apartment Kit/Common/Materials/Surface/Rustic Wood.mat
  artifactKey: Guid(a5fe6931b64e0de469d6a1b5b2a23513) Importer(815301076,1909f56bfc062723c751e8b465ee728b)
Start importing Assets/Brick Project Studio/Apartment Kit/Common/Materials/Surface/Rustic Wood.mat using Guid(a5fe6931b64e0de469d6a1b5b2a23513) Importer(815301076,1909f56bfc062723c751e8b465ee728b)  -> (artifact id: 'c7ea2f57e1801249153cf37481d35d83') in 0.024659 seconds 
========================================================================
Received Import Request.
  Time since last request: 0.089958 seconds.
  path: Assets/Environment/Art/Materials/ShaderGraphGrid_01_Mat.mat
  artifactKey: Guid(4589b87b8508f6e48b8fddb385924b16) Importer(815301076,1909f56bfc062723c751e8b465ee728b)
Start importing Assets/Environment/Art/Materials/ShaderGraphGrid_01_Mat.mat using Guid(4589b87b8508f6e48b8fddb385924b16) Importer(815301076,1909f56bfc062723c751e8b465ee728b)  -> (artifact id: '526b6359ba9dc8708c881344e1d37282') in 0.041877 seconds 
========================================================================
Received Import Request.
  Time since last request: 3.336734 seconds.
  path: Assets/Brick Project Studio/Apartment Kit/Common/Materials/Surface/Shiny Metal_03.mat
  artifactKey: Guid(ff2bb81a45899464db5313ff275f8a31) Importer(815301076,1909f56bfc062723c751e8b465ee728b)
Start importing Assets/Brick Project Studio/Apartment Kit/Common/Materials/Surface/Shiny Metal_03.mat using Guid(ff2bb81a45899464db5313ff275f8a31) Importer(815301076,1909f56bfc062723c751e8b465ee728b)  -> (artifact id: 'dd42694abf9125a927b914919189fe4a') in 0.013657 seconds 
========================================================================
Received Import Request.
  Time since last request: 16.971598 seconds.
  path: Assets/Brick Project Studio/Apartment Kit/Common/Materials/Surface/White Wine.mat
  artifactKey: Guid(aceec14a00995924b88aec0853110efe) Importer(815301076,1909f56bfc062723c751e8b465ee728b)
Start importing Assets/Brick Project Studio/Apartment Kit/Common/Materials/Surface/White Wine.mat using Guid(aceec14a00995924b88aec0853110efe) Importer(815301076,1909f56bfc062723c751e8b465ee728b)  -> (artifact id: 'bb952e4d2bd11e2e9804a5fca30b0981') in 0.012490 seconds 
========================================================================
Received Import Request.
  Time since last request: 26.984244 seconds.
  path: Assets/Brick Project Studio/Apartment Kit/Common/Materials/Surface/Glass_Dark.mat
  artifactKey: Guid(cc90876a24c95974baf293258366d22d) Importer(815301076,1909f56bfc062723c751e8b465ee728b)
Start importing Assets/Brick Project Studio/Apartment Kit/Common/Materials/Surface/Glass_Dark.mat using Guid(cc90876a24c95974baf293258366d22d) Importer(815301076,1909f56bfc062723c751e8b465ee728b)  -> (artifact id: 'd8f38814164b03860b75fd25dd8efc2c') in 0.012047 seconds 
========================================================================
Received Import Request.
  Time since last request: 0.072181 seconds.
  path: Assets/SyntyStudios/PolygonAdventure/Materials/Characters_Black.mat
  artifactKey: Guid(8c48e6085fe7e7f42be493f6ba01c6f3) Importer(815301076,1909f56bfc062723c751e8b465ee728b)
Start importing Assets/SyntyStudios/PolygonAdventure/Materials/Characters_Black.mat using Guid(8c48e6085fe7e7f42be493f6ba01c6f3) Importer(815301076,1909f56bfc062723c751e8b465ee728b)  -> (artifact id: '83886c5615dd4bed16a7b68c9711f0ac') in 0.010153 seconds 
========================================================================
Received Import Request.
  Time since last request: 0.068154 seconds.
  path: Assets/Brick Project Studio/_BPS Basic Assets/Common/Materials/Basic Assets/BA_Knob and Key.mat
  artifactKey: Guid(50dd338fb2540fa4aa15639a529736ee) Importer(815301076,1909f56bfc062723c751e8b465ee728b)
Start importing Assets/Brick Project Studio/_BPS Basic Assets/Common/Materials/Basic Assets/BA_Knob and Key.mat using Guid(50dd338fb2540fa4aa15639a529736ee) Importer(815301076,1909f56bfc062723c751e8b465ee728b)  -> (artifact id: '8d74dc9307a0a84240329917ad9fb305') in 0.009746 seconds 
========================================================================
Received Import Request.
  Time since last request: 0.025208 seconds.
  path: Assets/SyntyStudios/PolygonStarter/PolygonPrototype/Models/Materials/Arms.mat
  artifactKey: Guid(63c46b4edfe043e438db851546036952) Importer(815301076,1909f56bfc062723c751e8b465ee728b)
Start importing Assets/SyntyStudios/PolygonStarter/PolygonPrototype/Models/Materials/Arms.mat using Guid(63c46b4edfe043e438db851546036952) Importer(815301076,1909f56bfc062723c751e8b465ee728b)  -> (artifact id: '126c3561902c3a082ef2505ae18810f5') in 0.011791 seconds 
========================================================================
Received Import Request.
  Time since last request: 424.377664 seconds.
  path: Assets/Scenes/L Test.unity
  artifactKey: Guid(748787e21c5fda74ebe5a7dffe7ded7a) Importer(815301076,1909f56bfc062723c751e8b465ee728b)
Start importing Assets/Scenes/L Test.unity using Guid(748787e21c5fda74ebe5a7dffe7ded7a) Importer(815301076,1909f56bfc062723c751e8b465ee728b)  -> (artifact id: 'ce3fab97ec05c4e9a1234c19df19538f') in 0.005541 seconds 
========================================================================
Received Import Request.
  Time since last request: 8.299796 seconds.
  path: Assets/Scenes/Lobby.unity
  artifactKey: Guid(748787e21c5fda74ebe5a7dffe7ded7a) Importer(815301076,1909f56bfc062723c751e8b465ee728b)
Start importing Assets/Scenes/Lobby.unity using Guid(748787e21c5fda74ebe5a7dffe7ded7a) Importer(815301076,1909f56bfc062723c751e8b465ee728b)  -> (artifact id: '2925e5b1552a4a6e43b6a872249ef219') in 0.005598 seconds 
========================================================================
Received Import Request.
  Time since last request: 1148.719003 seconds.
  path: Packages/com.unity.collab-proxy/Editor/Collaborate/Assets/Icons/added-file-dark.png
  artifactKey: Guid(1a4f52b613391cd449af3ad2e44affeb) Importer(815301076,1909f56bfc062723c751e8b465ee728b)
Start importing Packages/com.unity.collab-proxy/Editor/Collaborate/Assets/Icons/added-file-dark.png using Guid(1a4f52b613391cd449af3ad2e44affeb) Importer(815301076,1909f56bfc062723c751e8b465ee728b)  -> (artifact id: '5896ec78c76601713712a9c2892bd136') in 0.034318 seconds 
========================================================================
Received Import Request.
  Time since last request: 0.000032 seconds.
  path: Packages/com.unity.shadergraph/Editor/Resources/GraphView/Nodes/BlackboardFieldPillBackground.png
  artifactKey: Guid(56603bbe7a2b54640bbd90104bea4981) Importer(815301076,1909f56bfc062723c751e8b465ee728b)
Start importing Packages/com.unity.shadergraph/Editor/Resources/GraphView/Nodes/BlackboardFieldPillBackground.png using Guid(56603bbe7a2b54640bbd90104bea4981) Importer(815301076,1909f56bfc062723c751e8b465ee728b)  -> (artifact id: 'd1a29a251a377c95e7d7a0ca960a2f9e') in 0.019946 seconds 
========================================================================
Received Import Request.
  Time since last request: 0.000029 seconds.
  path: Packages/com.unity.shadergraph/Editor/Resources/GraphView/Nodes/BlackboardFieldExposed.png
  artifactKey: Guid(2e8113252e9a1b245a81dc384ae86446) Importer(815301076,1909f56bfc062723c751e8b465ee728b)
Start importing Packages/com.unity.shadergraph/Editor/Resources/GraphView/Nodes/BlackboardFieldExposed.png using Guid(2e8113252e9a1b245a81dc384ae86446) Importer(815301076,1909f56bfc062723c751e8b465ee728b)  -> (artifact id: 'c1bb7a0de78ef48c20b1db5b82ebca6a') in 0.015271 seconds 
========================================================================
Received Import Request.
  Time since last request: 0.000031 seconds.
  path: Packages/com.unity.textmeshpro/Editor Resources/Textures/btn_AlignJustified.psd
  artifactKey: Guid(92027f7f8cfc4feaa477da0dc38d3d46) Importer(815301076,1909f56bfc062723c751e8b465ee728b)
Start importing Packages/com.unity.textmeshpro/Editor Resources/Textures/btn_AlignJustified.psd using Guid(92027f7f8cfc4feaa477da0dc38d3d46) Importer(815301076,1909f56bfc062723c751e8b465ee728b)  -> (artifact id: 'ab9f9302e4aca9d52cbcb3b356f0cbf3') in 0.016290 seconds 
========================================================================
Received Import Request.
  Time since last request: 0.000036 seconds.
  path: Packages/com.unity.collab-proxy/Editor/Collaborate/Assets/Icons/added-file-light@2x.png
  artifactKey: Guid(ec2e3aa6d0ab8ce4eac29b56d65d61d5) Importer(815301076,1909f56bfc062723c751e8b465ee728b)
Start importing Packages/com.unity.collab-proxy/Editor/Collaborate/Assets/Icons/added-file-light@2x.png using Guid(ec2e3aa6d0ab8ce4eac29b56d65d61d5) Importer(815301076,1909f56bfc062723c751e8b465ee728b)  -> (artifact id: 'e2ac2a6ac44a56000af169c9f5e569cd') in 0.014115 seconds 
========================================================================
Received Import Request.
  Time since last request: 0.000026 seconds.
  path: Packages/com.unity.collab-proxy/Editor/Collaborate/Assets/Icons/added-file-light.png
  artifactKey: Guid(397fff6c3885f8343bb65714f0064b5d) Importer(815301076,1909f56bfc062723c751e8b465ee728b)
Start importing Packages/com.unity.collab-proxy/Editor/Collaborate/Assets/Icons/added-file-light.png using Guid(397fff6c3885f8343bb65714f0064b5d) Importer(815301076,1909f56bfc062723c751e8b465ee728b)  -> (artifact id: '362087f899a7ad397851cd88f3456718') in 0.013547 seconds 
========================================================================
Received Import Request.
  Time since last request: 12.958928 seconds.
  path: Assets/Brick Project Studio/_BPS Basic Assets/Common/Scripts and Animations/First Person Player
  artifactKey: Guid(cf90159fb78ce79498a992a9e9b9dac7) Importer(815301076,1909f56bfc062723c751e8b465ee728b)
Start importing Assets/Brick Project Studio/_BPS Basic Assets/Common/Scripts and Animations/First Person Player using Guid(cf90159fb78ce79498a992a9e9b9dac7) Importer(815301076,1909f56bfc062723c751e8b465ee728b)  -> (artifact id: '15d2458c85c631378d6ad8415ba39a2a') in 0.004255 seconds 
========================================================================
Received Prepare
Registering precompiled user dll's ...
Registered in 0.006049 seconds.
Begin MonoManager ReloadAssembly
Symbol file LoadedFromMemory doesn't match image C:\Users\saran\Desktop\4410\4410 game\4410_game\BTBA\Library\PackageCache\com.unity.visualscripting@1.8.0\Editor\VisualScripting.Core\Dependencies\YamlDotNet\Unity.VisualScripting.YamlDotNet.dll
Symbol file LoadedFromMemory doesn't match image C:\Users\saran\Desktop\4410\4410 game\4410_game\BTBA\Library\PackageCache\com.unity.visualscripting@1.8.0\Editor\VisualScripting.Core\Dependencies\DotNetZip\Unity.VisualScripting.IonicZip.dll
Native extension for WindowsStandalone target not found
Refreshing native plugins compatible for Editor in 1.96 ms, found 3 plugins.
Preloading 0 native plugins for Editor in 0.00 ms.
Mono: successfully reloaded assembly
- Completed reload, in  1.018 seconds
Domain Reload Profiling:
	ReloadAssembly (1018ms)
		BeginReloadAssembly (117ms)
			ExecutionOrderSort (0ms)
			DisableScriptedObjects (5ms)
			BackupInstance (0ms)
			ReleaseScriptingObjects (0ms)
			CreateAndSetChildDomain (42ms)
		EndReloadAssembly (826ms)
			LoadAssemblies (72ms)
			RebuildTransferFunctionScriptingTraits (0ms)
			SetupTypeCache (220ms)
			ReleaseScriptCaches (2ms)
			RebuildScriptCaches (36ms)
			SetupLoadedEditorAssemblies (418ms)
				LogAssemblyErrors (0ms)
				InitializePlatformSupportModulesInManaged (11ms)
				SetLoadedEditorAssemblies (0ms)
				RefreshPlugins (2ms)
				BeforeProcessingInitializeOnLoad (79ms)
				ProcessInitializeOnLoadAttributes (268ms)
				ProcessInitializeOnLoadMethodAttributes (51ms)
				AfterProcessingInitializeOnLoad (5ms)
				EditorAssembliesLoaded (0ms)
			ExecutionOrderSort2 (0ms)
			AwakeInstancesAfterBackupRestoration (8ms)
Platform modules already initialized, skipping
Refreshing native plugins compatible for Editor in 2.90 ms, found 3 plugins.
Preloading 0 native plugins for Editor in 0.00 ms.
Unloading 6079 Unused Serialized files (Serialized files now loaded: 0)
Unloading 53 unused Assets / (2.1 MB). Loaded Objects now: 6818.
Memory consumption went from 278.3 MB to 276.2 MB.
Total: 3.728800 ms (FindLiveObjects: 0.380700 ms CreateObjectMapping: 0.283900 ms MarkObjects: 2.588100 ms  DeleteObjects: 0.475600 ms)

AssetImportParameters requested are different than current active one (requested -> active):
  custom:video-decoder-ogg-theora: a1e56fd34408186e4bbccfd4996cb3dc -> 
  custom:container-muxer-webm: aa71ff27fc2769a1b78a27578f13a17b -> 
  custom:container-demuxer-webm: 4f35f7cbe854078d1ac9338744f61a02 -> 
  custom:video-encoder-webm-vp8: eb34c28f22e8b96e1ab97ce403110664 -> 
  custom:video-codec-MediaFoundation-h265: e54d7ab0439102e2317fc1e4b246158d -> 
  custom:audio-encoder-webm-vorbis: bf7c407c2cedff20999df2af8eb42d56 -> 
  custom:framework-win-MediaFoundation: 216162199b28c13a410421893ffa2e32 -> 
  custom:container-demuxer-ogg: 62fdf1f143b41e24485cea50d1cbac27 -> 
  custom:video-decoder-webm-vp8: 9c59270c3fd7afecdb556c50c9e8de78 -> 
  custom:audio-decoder-ogg-vorbis: bf7c407c2cedff20999df2af8eb42d56 -> 
========================================================================
Received Import Request.
  Time since last request: 34.970648 seconds.
  path: Assets/Scripts/FirstPersonController.cs
  artifactKey: Guid(55919ac34a26952479f3fc91f777b2fa) Importer(815301076,1909f56bfc062723c751e8b465ee728b)
Start importing Assets/Scripts/FirstPersonController.cs using Guid(55919ac34a26952479f3fc91f777b2fa) Importer(815301076,1909f56bfc062723c751e8b465ee728b)  -> (artifact id: 'a5b60fa673f622fa1a85b455b6e91577') in 0.025950 seconds 
