Using pre-set license
Built from '2021.3/release' branch; Version is '2021.3.17f1 (3e8111cac19d) revision 4096273'; Using compiler version '192829333'; Build Type 'Release'
OS: 'Windows 11  (10.0.22621) 64bit Professional' Language: 'en' Physical Memory: 32687 MB
BatchMode: 1, IsHumanControllingUs: 0, StartBugReporterOnCrash: 0, Is64bit: 1, IsPro: 1

COMMAND LINE ARGUMENTS:
C:\Program Files\Unity\Hub\Editor\Unity 2021.3.17f1\Editor\Unity.exe
-adb2
-batchMode
-noUpm
-name
AssetImportWorker4
-projectPath
C:/Users/saran/Desktop/4410/4410 game/4410_game/BTBA
-logFile
Logs/AssetImportWorker4.log
-srvPort
58515
Successfully changed project path to: C:/Users/saran/Desktop/4410/4410 game/4410_game/BTBA
C:/Users/saran/Desktop/4410/4410 game/4410_game/BTBA
[UnityMemory] Configuration Parameters - Can be set up in boot.config
    "memorysetup-bucket-allocator-granularity=16"
    "memorysetup-bucket-allocator-bucket-count=8"
    "memorysetup-bucket-allocator-block-size=33554432"
    "memorysetup-bucket-allocator-block-count=8"
    "memorysetup-main-allocator-block-size=16777216"
    "memorysetup-thread-allocator-block-size=16777216"
    "memorysetup-gfx-main-allocator-block-size=16777216"
    "memorysetup-gfx-thread-allocator-block-size=16777216"
    "memorysetup-cache-allocator-block-size=4194304"
    "memorysetup-typetree-allocator-block-size=2097152"
    "memorysetup-profiler-bucket-allocator-granularity=16"
    "memorysetup-profiler-bucket-allocator-bucket-count=8"
    "memorysetup-profiler-bucket-allocator-block-size=33554432"
    "memorysetup-profiler-bucket-allocator-block-count=8"
    "memorysetup-profiler-allocator-block-size=16777216"
    "memorysetup-profiler-editor-allocator-block-size=1048576"
    "memorysetup-temp-allocator-size-main=16777216"
    "memorysetup-job-temp-allocator-block-size=2097152"
    "memorysetup-job-temp-allocator-block-size-background=1048576"
    "memorysetup-job-temp-allocator-reduction-small-platforms=262144"
    "memorysetup-temp-allocator-size-background-worker=32768"
    "memorysetup-temp-allocator-size-job-worker=262144"
    "memorysetup-temp-allocator-size-preload-manager=33554432"
    "memorysetup-temp-allocator-size-nav-mesh-worker=65536"
    "memorysetup-temp-allocator-size-audio-worker=65536"
    "memorysetup-temp-allocator-size-cloud-worker=32768"
    "memorysetup-temp-allocator-size-gi-baking-worker=262144"
    "memorysetup-temp-allocator-size-gfx=262144"
Player connection [16524] Host "[IP] 10.5.0.2 [Port] 0 [Flags] 2 [Guid] 3351938444 [EditorId] 3351938444 [Version] 1048832 [Id] WindowsEditor(7,Aorus) [Debug] 1 [PackageName] WindowsEditor [ProjectName] Editor" joined multi-casting on [225.0.0.222:54997]...

Player connection [16524] Host "[IP] 10.5.0.2 [Port] 0 [Flags] 2 [Guid] 3351938444 [EditorId] 3351938444 [Version] 1048832 [Id] WindowsEditor(7,Aorus) [Debug] 1 [PackageName] WindowsEditor [ProjectName] Editor" joined alternative multi-casting on [225.0.0.222:34997]...

Refreshing native plugins compatible for Editor in 131.57 ms, found 3 plugins.
Preloading 0 native plugins for Editor in 0.00 ms.
Initialize engine version: 2021.3.17f1 (3e8111cac19d)
[Subsystems] Discovering subsystems at path C:/Program Files/Unity/Hub/Editor/Unity 2021.3.17f1/Editor/Data/Resources/UnitySubsystems
[Subsystems] Discovering subsystems at path C:/Users/saran/Desktop/4410/4410 game/4410_game/BTBA/Assets
GfxDevice: creating device client; threaded=0; jobified=0
Direct3D:
    Version:  Direct3D 11.0 [level 11.1]
    Renderer: NVIDIA GeForce RTX 2080 Ti (ID=0x1e07)
    Vendor:   NVIDIA
    VRAM:     11041 MB
    Driver:   31.0.15.3129
Initialize mono
Mono path[0] = 'C:/Program Files/Unity/Hub/Editor/Unity 2021.3.17f1/Editor/Data/Managed'
Mono path[1] = 'C:/Program Files/Unity/Hub/Editor/Unity 2021.3.17f1/Editor/Data/MonoBleedingEdge/lib/mono/unityjit-win32'
Mono config path = 'C:/Program Files/Unity/Hub/Editor/Unity 2021.3.17f1/Editor/Data/MonoBleedingEdge/etc'
Using monoOptions --debugger-agent=transport=dt_socket,embedding=1,server=y,suspend=n,address=127.0.0.1:56340
Begin MonoManager ReloadAssembly
Registering precompiled unity dll's ...
Register platform support module: C:/Program Files/Unity/Hub/Editor/Unity 2021.3.17f1/Editor/Data/PlaybackEngines/WindowsStandaloneSupport/UnityEditor.WindowsStandalone.Extensions.dll
Registered in 0.003653 seconds.
Native extension for WindowsStandalone target not found
Refreshing native plugins compatible for Editor in 122.57 ms, found 3 plugins.
Preloading 0 native plugins for Editor in 0.00 ms.
Mono: successfully reloaded assembly
- Completed reload, in  0.495 seconds
Domain Reload Profiling:
	ReloadAssembly (496ms)
		BeginReloadAssembly (49ms)
			ExecutionOrderSort (0ms)
			DisableScriptedObjects (0ms)
			BackupInstance (0ms)
			ReleaseScriptingObjects (0ms)
			CreateAndSetChildDomain (1ms)
		EndReloadAssembly (373ms)
			LoadAssemblies (48ms)
			RebuildTransferFunctionScriptingTraits (0ms)
			SetupTypeCache (67ms)
			ReleaseScriptCaches (0ms)
			RebuildScriptCaches (17ms)
			SetupLoadedEditorAssemblies (252ms)
				LogAssemblyErrors (0ms)
				InitializePlatformSupportModulesInManaged (5ms)
				SetLoadedEditorAssemblies (0ms)
				RefreshPlugins (123ms)
				BeforeProcessingInitializeOnLoad (1ms)
				ProcessInitializeOnLoadAttributes (94ms)
				ProcessInitializeOnLoadMethodAttributes (30ms)
				AfterProcessingInitializeOnLoad (0ms)
				EditorAssembliesLoaded (0ms)
			ExecutionOrderSort2 (0ms)
			AwakeInstancesAfterBackupRestoration (0ms)
Platform modules already initialized, skipping
Registering precompiled user dll's ...
Registered in 0.006862 seconds.
Begin MonoManager ReloadAssembly
Symbol file LoadedFromMemory doesn't match image C:\Users\saran\Desktop\4410\4410 game\4410_game\BTBA\Library\PackageCache\com.unity.visualscripting@1.8.0\Editor\VisualScripting.Core\Dependencies\YamlDotNet\Unity.VisualScripting.YamlDotNet.dll
Symbol file LoadedFromMemory doesn't match image C:\Users\saran\Desktop\4410\4410 game\4410_game\BTBA\Library\PackageCache\com.unity.visualscripting@1.8.0\Editor\VisualScripting.Core\Dependencies\DotNetZip\Unity.VisualScripting.IonicZip.dll
Native extension for WindowsStandalone target not found
Refreshing native plugins compatible for Editor in 122.03 ms, found 3 plugins.
Preloading 0 native plugins for Editor in 0.00 ms.
Mono: successfully reloaded assembly
- Completed reload, in  1.093 seconds
Domain Reload Profiling:
	ReloadAssembly (1093ms)
		BeginReloadAssembly (73ms)
			ExecutionOrderSort (0ms)
			DisableScriptedObjects (4ms)
			BackupInstance (0ms)
			ReleaseScriptingObjects (0ms)
			CreateAndSetChildDomain (15ms)
		EndReloadAssembly (942ms)
			LoadAssemblies (66ms)
			RebuildTransferFunctionScriptingTraits (0ms)
			SetupTypeCache (216ms)
			ReleaseScriptCaches (1ms)
			RebuildScriptCaches (49ms)
			SetupLoadedEditorAssemblies (580ms)
				LogAssemblyErrors (0ms)
				InitializePlatformSupportModulesInManaged (3ms)
				SetLoadedEditorAssemblies (0ms)
				RefreshPlugins (122ms)
				BeforeProcessingInitializeOnLoad (112ms)
				ProcessInitializeOnLoadAttributes (285ms)
				ProcessInitializeOnLoadMethodAttributes (52ms)
				AfterProcessingInitializeOnLoad (5ms)
				EditorAssembliesLoaded (0ms)
			ExecutionOrderSort2 (0ms)
			AwakeInstancesAfterBackupRestoration (4ms)
Platform modules already initialized, skipping
========================================================================
Worker process is ready to serve import requests
Launched and connected shader compiler UnityShaderCompiler.exe after 0.03 seconds
Refreshing native plugins compatible for Editor in 1.51 ms, found 3 plugins.
Preloading 0 native plugins for Editor in 0.00 ms.
Unloading 6258 Unused Serialized files (Serialized files now loaded: 0)
Unloading 70 unused Assets / (2.0 MB). Loaded Objects now: 6719.
Memory consumption went from 280.6 MB to 278.6 MB.
Total: 3.546100 ms (FindLiveObjects: 0.352600 ms CreateObjectMapping: 0.241200 ms MarkObjects: 2.489000 ms  DeleteObjects: 0.462200 ms)

AssetImportParameters requested are different than current active one (requested -> active):
  custom:video-decoder-ogg-theora: a1e56fd34408186e4bbccfd4996cb3dc -> 
  custom:container-muxer-webm: aa71ff27fc2769a1b78a27578f13a17b -> 
  custom:container-demuxer-webm: 4f35f7cbe854078d1ac9338744f61a02 -> 
  custom:video-encoder-webm-vp8: eb34c28f22e8b96e1ab97ce403110664 -> 
  custom:video-codec-MediaFoundation-h265: e54d7ab0439102e2317fc1e4b246158d -> 
  custom:audio-encoder-webm-vorbis: bf7c407c2cedff20999df2af8eb42d56 -> 
  custom:framework-win-MediaFoundation: 216162199b28c13a410421893ffa2e32 -> 
  custom:container-demuxer-ogg: 62fdf1f143b41e24485cea50d1cbac27 -> 
  custom:video-decoder-webm-vp8: 9c59270c3fd7afecdb556c50c9e8de78 -> 
  custom:audio-decoder-ogg-vorbis: bf7c407c2cedff20999df2af8eb42d56 -> 
========================================================================
Received Import Request.
  Time since last request: 185298.482014 seconds.
  path: Assets/Enviroment/enviroment/Office building/material props/bottle.mat
  artifactKey: Guid(5effc01ee34487f43a31b4dbc24256fc) Importer(815301076,1909f56bfc062723c751e8b465ee728b)
Start importing Assets/Enviroment/enviroment/Office building/material props/bottle.mat using Guid(5effc01ee34487f43a31b4dbc24256fc) Importer(815301076,1909f56bfc062723c751e8b465ee728b)  -> (artifact id: '73fa06c6c64287d7217f1fd15e40aed9') in 0.249100 seconds 
========================================================================
Received Import Request.
  Time since last request: 366.112986 seconds.
  path: Assets/SyntyStudios/PolygonCity/Models/SM_Bld_Apartment_01.fbx
  artifactKey: Guid(7e4c9c6a708282549adc005136e459f2) Importer(815301076,1909f56bfc062723c751e8b465ee728b)
Start importing Assets/SyntyStudios/PolygonCity/Models/SM_Bld_Apartment_01.fbx using Guid(7e4c9c6a708282549adc005136e459f2) Importer(815301076,1909f56bfc062723c751e8b465ee728b)  -> (artifact id: '39d98b30c5dd7e1b94de26d5fb750e2c') in 0.052886 seconds 
========================================================================
Received Import Request.
  Time since last request: 0.000034 seconds.
  path: Assets/SyntyStudios/PolygonCity/Models/Collisions/SM_Bld_Apartment_02_Convex 1.asset
  artifactKey: Guid(7ea8b95b5782d4d45bdf817a439a9d5a) Importer(815301076,1909f56bfc062723c751e8b465ee728b)
Start importing Assets/SyntyStudios/PolygonCity/Models/Collisions/SM_Bld_Apartment_02_Convex 1.asset using Guid(7ea8b95b5782d4d45bdf817a439a9d5a) Importer(815301076,1909f56bfc062723c751e8b465ee728b)  -> (artifact id: '348853eb8a967252c0f7f0fa2aa2a309') in 0.013142 seconds 
========================================================================
Received Import Request.
  Time since last request: 0.000020 seconds.
  path: Assets/SyntyStudios/PolygonCity/Prefabs/Buildings/SM_Bld_Apartment_Corner_01.prefab
  artifactKey: Guid(ca5af9b35ab3f6d418a4a402844936e3) Importer(815301076,1909f56bfc062723c751e8b465ee728b)
Start importing Assets/SyntyStudios/PolygonCity/Prefabs/Buildings/SM_Bld_Apartment_Corner_01.prefab using Guid(ca5af9b35ab3f6d418a4a402844936e3) Importer(815301076,1909f56bfc062723c751e8b465ee728b)  -> (artifact id: '7e783492a588f66ae484306f137035e1') in 0.033195 seconds 
========================================================================
Received Import Request.
  Time since last request: 0.000022 seconds.
  path: Assets/SyntyStudios/PolygonCity/Models/Collisions/SM_Bld_Apartment_Corner_01_Convex 1.asset
  artifactKey: Guid(3ae13dbba9d922745a0c303c1287bb1a) Importer(815301076,1909f56bfc062723c751e8b465ee728b)
Start importing Assets/SyntyStudios/PolygonCity/Models/Collisions/SM_Bld_Apartment_Corner_01_Convex 1.asset using Guid(3ae13dbba9d922745a0c303c1287bb1a) Importer(815301076,1909f56bfc062723c751e8b465ee728b)  -> (artifact id: 'ef431113537129e3174ad0eac8e4e5b3') in 0.010545 seconds 
========================================================================
Received Import Request.
  Time since last request: 0.000028 seconds.
  path: Assets/SyntyStudios/PolygonCity/Models/Collisions/SM_Bld_Apartment_Corner_01_Convex.asset
  artifactKey: Guid(065b4896ee7d7864381bc89f1209266f) Importer(815301076,1909f56bfc062723c751e8b465ee728b)
Start importing Assets/SyntyStudios/PolygonCity/Models/Collisions/SM_Bld_Apartment_Corner_01_Convex.asset using Guid(065b4896ee7d7864381bc89f1209266f) Importer(815301076,1909f56bfc062723c751e8b465ee728b)  -> (artifact id: '1ffaeec64a8871650a8754ba97e5f8e8') in 0.014078 seconds 
========================================================================
Received Import Request.
  Time since last request: 0.000030 seconds.
  path: Assets/SyntyStudios/PolygonCity/Models/SM_Bld_Apartment_Corner_01.fbx
  artifactKey: Guid(06d3ff1c6175c8447aef8efdf3667d75) Importer(815301076,1909f56bfc062723c751e8b465ee728b)
Start importing Assets/SyntyStudios/PolygonCity/Models/SM_Bld_Apartment_Corner_01.fbx using Guid(06d3ff1c6175c8447aef8efdf3667d75) Importer(815301076,1909f56bfc062723c751e8b465ee728b)  -> (artifact id: 'a7115fb927a129b2f2f378c8eb76a435') in 0.014077 seconds 
========================================================================
Received Import Request.
  Time since last request: 0.000016 seconds.
  path: Assets/SyntyStudios/PolygonCity/Prefabs/Buildings/SM_Bld_Apartment_Roof_01.prefab
  artifactKey: Guid(6c5cf72eed364734aa359fd03de15100) Importer(815301076,1909f56bfc062723c751e8b465ee728b)
Start importing Assets/SyntyStudios/PolygonCity/Prefabs/Buildings/SM_Bld_Apartment_Roof_01.prefab using Guid(6c5cf72eed364734aa359fd03de15100) Importer(815301076,1909f56bfc062723c751e8b465ee728b)  -> (artifact id: 'b553099418fbd59c1753154f69268c0b') in 0.020759 seconds 
========================================================================
Received Import Request.
  Time since last request: 0.000024 seconds.
  path: Assets/SyntyStudios/PolygonCity/Prefabs/Buildings/SM_Bld_Apartment_Corner_02.prefab
  artifactKey: Guid(64b839200fb1c394abe8b5e1693c5cf4) Importer(815301076,1909f56bfc062723c751e8b465ee728b)
Start importing Assets/SyntyStudios/PolygonCity/Prefabs/Buildings/SM_Bld_Apartment_Corner_02.prefab using Guid(64b839200fb1c394abe8b5e1693c5cf4) Importer(815301076,1909f56bfc062723c751e8b465ee728b)  -> (artifact id: '3c11476c1c8ff46d0899324b22b3e545') in 0.029463 seconds 
========================================================================
Received Import Request.
  Time since last request: 0.000019 seconds.
  path: Assets/SyntyStudios/PolygonCity/Models/Collisions/SM_Bld_Apartment_03_Convex 2.asset
  artifactKey: Guid(fabea28af68b5d4428358e8e0d2ccd51) Importer(815301076,1909f56bfc062723c751e8b465ee728b)
Start importing Assets/SyntyStudios/PolygonCity/Models/Collisions/SM_Bld_Apartment_03_Convex 2.asset using Guid(fabea28af68b5d4428358e8e0d2ccd51) Importer(815301076,1909f56bfc062723c751e8b465ee728b)  -> (artifact id: '11aac5bb1ec4275e271460226708ed1c') in 0.010625 seconds 
========================================================================
Received Import Request.
  Time since last request: 0.000018 seconds.
  path: Assets/SyntyStudios/PolygonCity/Models/SM_Bld_Apartment_Corner_02.fbx
  artifactKey: Guid(7d25cfa8321eccd438d23d1194e46bd9) Importer(815301076,1909f56bfc062723c751e8b465ee728b)
Start importing Assets/SyntyStudios/PolygonCity/Models/SM_Bld_Apartment_Corner_02.fbx using Guid(7d25cfa8321eccd438d23d1194e46bd9) Importer(815301076,1909f56bfc062723c751e8b465ee728b)  -> (artifact id: '78d851b98526dcdaaf8c87878321effd') in 0.016669 seconds 
========================================================================
Received Import Request.
  Time since last request: 0.000016 seconds.
  path: Assets/SyntyStudios/PolygonCity/Prefabs/Buildings/SM_Bld_Apartment_02.prefab
  artifactKey: Guid(045266ddc5d5afd4bbceaaeda75189da) Importer(815301076,1909f56bfc062723c751e8b465ee728b)
Start importing Assets/SyntyStudios/PolygonCity/Prefabs/Buildings/SM_Bld_Apartment_02.prefab using Guid(045266ddc5d5afd4bbceaaeda75189da) Importer(815301076,1909f56bfc062723c751e8b465ee728b)  -> (artifact id: '554673c0159d2687e678712321017ef8') in 0.016071 seconds 
========================================================================
Received Import Request.
  Time since last request: 0.000026 seconds.
  path: Assets/SyntyStudios/PolygonCity/Models/Collisions/SM_Bld_Apartment_03_Convex 1.asset
  artifactKey: Guid(5978465438c84c44e99098921c095fc7) Importer(815301076,1909f56bfc062723c751e8b465ee728b)
Start importing Assets/SyntyStudios/PolygonCity/Models/Collisions/SM_Bld_Apartment_03_Convex 1.asset using Guid(5978465438c84c44e99098921c095fc7) Importer(815301076,1909f56bfc062723c751e8b465ee728b)  -> (artifact id: '54baa698b20eec01cc98657af0d4aaf1') in 0.009577 seconds 
========================================================================
Received Import Request.
  Time since last request: 0.000018 seconds.
  path: Assets/SyntyStudios/PolygonCity/Models/Collisions/SM_Bld_Apartment_Corner_02_Convex.asset
  artifactKey: Guid(24ebe41c46f3ec0458189b6d9fbd8c02) Importer(815301076,1909f56bfc062723c751e8b465ee728b)
Start importing Assets/SyntyStudios/PolygonCity/Models/Collisions/SM_Bld_Apartment_Corner_02_Convex.asset using Guid(24ebe41c46f3ec0458189b6d9fbd8c02) Importer(815301076,1909f56bfc062723c751e8b465ee728b)  -> (artifact id: '8d8299cf99b92c72906df6e71aa3f3aa') in 0.012520 seconds 
========================================================================
Received Import Request.
  Time since last request: 0.000022 seconds.
  path: Assets/SyntyStudios/PolygonCity/Prefabs/Buildings/SM_Bld_Apartment_Corner_03.prefab
  artifactKey: Guid(c1d46775cc1dffd41859257aad55f33c) Importer(815301076,1909f56bfc062723c751e8b465ee728b)
Start importing Assets/SyntyStudios/PolygonCity/Prefabs/Buildings/SM_Bld_Apartment_Corner_03.prefab using Guid(c1d46775cc1dffd41859257aad55f33c) Importer(815301076,1909f56bfc062723c751e8b465ee728b)  -> (artifact id: 'fcae3f8284ddabbd05f8a3d90ab23e31') in 0.019799 seconds 
========================================================================
Received Import Request.
  Time since last request: 4.992103 seconds.
  path: Packages/com.unity.render-pipelines.universal/Shaders/Particles/ParticlesUnlitForwardPass.hlsl
  artifactKey: Guid(a361552991159403bbd785132d5cb812) Importer(815301076,1909f56bfc062723c751e8b465ee728b)
Start importing Packages/com.unity.render-pipelines.universal/Shaders/Particles/ParticlesUnlitForwardPass.hlsl using Guid(a361552991159403bbd785132d5cb812) Importer(815301076,1909f56bfc062723c751e8b465ee728b)  -> (artifact id: '4afd0661881c5878843e146fc3e71a74') in 0.013428 seconds 
========================================================================
Received Import Request.
  Time since last request: 0.000022 seconds.
  path: Assets/Enviroment/enviroment/Office building/material props/partition wall.mat
  artifactKey: Guid(8b89b047b712af04f924871d34fd332a) Importer(815301076,1909f56bfc062723c751e8b465ee728b)
Start importing Assets/Enviroment/enviroment/Office building/material props/partition wall.mat using Guid(8b89b047b712af04f924871d34fd332a) Importer(815301076,1909f56bfc062723c751e8b465ee728b)  -> (artifact id: 'ccff4ed9686cf9cc49d875fc6242fb00') in 0.032489 seconds 
========================================================================
Received Import Request.
  Time since last request: 0.000025 seconds.
  path: Packages/com.unity.render-pipelines.universal/Shaders/Particles/ParticlesSimpleLitInput.hlsl
  artifactKey: Guid(01fa3f8c89aa44160b9a735fc22362d0) Importer(815301076,1909f56bfc062723c751e8b465ee728b)
Start importing Packages/com.unity.render-pipelines.universal/Shaders/Particles/ParticlesSimpleLitInput.hlsl using Guid(01fa3f8c89aa44160b9a735fc22362d0) Importer(815301076,1909f56bfc062723c751e8b465ee728b)  -> (artifact id: '98a75a9bb326e9b9bc0e3a1d0e38b754') in 0.007410 seconds 
========================================================================
Received Import Request.
  Time since last request: 0.000016 seconds.
  path: Packages/com.unity.render-pipelines.universal/Shaders/Particles/ParticlesSimpleLitGBufferPass.hlsl
  artifactKey: Guid(ca0e14e5bf6ac934086f42ca329f4ef1) Importer(815301076,1909f56bfc062723c751e8b465ee728b)
Start importing Packages/com.unity.render-pipelines.universal/Shaders/Particles/ParticlesSimpleLitGBufferPass.hlsl using Guid(ca0e14e5bf6ac934086f42ca329f4ef1) Importer(815301076,1909f56bfc062723c751e8b465ee728b)  -> (artifact id: '6925dd9dfde7944d7aa237969acd3f61') in 0.008646 seconds 
========================================================================
Received Import Request.
  Time since last request: 0.000022 seconds.
  path: Packages/com.unity.shadergraph/Editor/Generation/Targets/BuiltIn/ShaderLibrary/Particles.hlsl
  artifactKey: Guid(4273cde13e0f6f9428ee53ed68036d6a) Importer(815301076,1909f56bfc062723c751e8b465ee728b)
Start importing Packages/com.unity.shadergraph/Editor/Generation/Targets/BuiltIn/ShaderLibrary/Particles.hlsl using Guid(4273cde13e0f6f9428ee53ed68036d6a) Importer(815301076,1909f56bfc062723c751e8b465ee728b)  -> (artifact id: '041dda2d3a3afe6c5fa6457648435903') in 0.009242 seconds 
========================================================================
Received Import Request.
  Time since last request: 0.000036 seconds.
  path: Assets/Enviroment/enviroment/Office building/Prefabs/Kindergarten cupboard A Prefab.prefab
  artifactKey: Guid(7ec8ee5a1421ff44c9aac46f99eb7a2f) Importer(815301076,1909f56bfc062723c751e8b465ee728b)
Start importing Assets/Enviroment/enviroment/Office building/Prefabs/Kindergarten cupboard A Prefab.prefab using Guid(7ec8ee5a1421ff44c9aac46f99eb7a2f) Importer(815301076,1909f56bfc062723c751e8b465ee728b)  -> (artifact id: '23b785904db23c69a84bf7c5aa0cfbaf') in 0.036057 seconds 
========================================================================
Received Import Request.
  Time since last request: 0.000016 seconds.
  path: Packages/com.unity.render-pipelines.universal/Shaders/Particles/ParticlesSimpleLitForwardPass.hlsl
  artifactKey: Guid(d0ccc42c5a0934462a0ff237772dceff) Importer(815301076,1909f56bfc062723c751e8b465ee728b)
Start importing Packages/com.unity.render-pipelines.universal/Shaders/Particles/ParticlesSimpleLitForwardPass.hlsl using Guid(d0ccc42c5a0934462a0ff237772dceff) Importer(815301076,1909f56bfc062723c751e8b465ee728b)  -> (artifact id: 'f3240684c9afb1a5f761b1dc20f85bf7') in 0.010089 seconds 
========================================================================
Received Import Request.
  Time since last request: 0.000018 seconds.
  path: Packages/com.unity.render-pipelines.universal/Shaders/Particles/ParticlesLitInput.hlsl
  artifactKey: Guid(a3129e299d0744bb7bd42c2cea7cea2b) Importer(815301076,1909f56bfc062723c751e8b465ee728b)
Start importing Packages/com.unity.render-pipelines.universal/Shaders/Particles/ParticlesLitInput.hlsl using Guid(a3129e299d0744bb7bd42c2cea7cea2b) Importer(815301076,1909f56bfc062723c751e8b465ee728b)  -> (artifact id: 'f9c44aa8e14e5129838170118429bb01') in 0.008896 seconds 
========================================================================
Received Import Request.
  Time since last request: 0.000016 seconds.
  path: Packages/com.unity.render-pipelines.universal/Shaders/Particles/ParticlesDepthNormalsPass.hlsl
  artifactKey: Guid(637c27b6fe6224a06b2b066769d0a6e6) Importer(815301076,1909f56bfc062723c751e8b465ee728b)
Start importing Packages/com.unity.render-pipelines.universal/Shaders/Particles/ParticlesDepthNormalsPass.hlsl using Guid(637c27b6fe6224a06b2b066769d0a6e6) Importer(815301076,1909f56bfc062723c751e8b465ee728b)  -> (artifact id: '2cc62b3f7818edccbdf5a3e3fd049c9c') in 0.007175 seconds 
========================================================================
Received Import Request.
  Time since last request: 0.000027 seconds.
  path: Packages/com.unity.render-pipelines.universal/Shaders/Particles/ParticlesEditorPass.hlsl
  artifactKey: Guid(b75058dfffdae7a41bf0373f3d2f264c) Importer(815301076,1909f56bfc062723c751e8b465ee728b)
Start importing Packages/com.unity.render-pipelines.universal/Shaders/Particles/ParticlesEditorPass.hlsl using Guid(b75058dfffdae7a41bf0373f3d2f264c) Importer(815301076,1909f56bfc062723c751e8b465ee728b)  -> (artifact id: '89124bffee735df50ef665349b6654d9') in 0.007532 seconds 
========================================================================
Received Import Request.
  Time since last request: 0.000018 seconds.
  path: Assets/Enviroment/enviroment/Office building/material props/Kindergarten carpet.mat
  artifactKey: Guid(0241d866c26a1054e962d79a10ab62ba) Importer(815301076,1909f56bfc062723c751e8b465ee728b)
Start importing Assets/Enviroment/enviroment/Office building/material props/Kindergarten carpet.mat using Guid(0241d866c26a1054e962d79a10ab62ba) Importer(815301076,1909f56bfc062723c751e8b465ee728b)  -> (artifact id: 'd2e76169b8b9da1745180316b8160866') in 0.040626 seconds 
========================================================================
Received Import Request.
  Time since last request: 0.000016 seconds.
  path: Packages/com.unity.render-pipelines.universal/ShaderLibrary/Particles.hlsl
  artifactKey: Guid(58997c4bd657ad848919e91029ee01eb) Importer(815301076,1909f56bfc062723c751e8b465ee728b)
Start importing Packages/com.unity.render-pipelines.universal/ShaderLibrary/Particles.hlsl using Guid(58997c4bd657ad848919e91029ee01eb) Importer(815301076,1909f56bfc062723c751e8b465ee728b)  -> (artifact id: '6d7b19fb3f035081e0abb66993232261') in 0.002717 seconds 
========================================================================
Received Import Request.
  Time since last request: 0.000017 seconds.
  path: Assets/Enviroment/enviroment/Office building/textures/Props/used/Kindergarten chair.png
  artifactKey: Guid(1c63191c37a24df47ad81341320bcfc6) Importer(815301076,1909f56bfc062723c751e8b465ee728b)
Start importing Assets/Enviroment/enviroment/Office building/textures/Props/used/Kindergarten chair.png using Guid(1c63191c37a24df47ad81341320bcfc6) Importer(815301076,1909f56bfc062723c751e8b465ee728b)  -> (artifact id: 'fca20a7583065213291a0e888a2ef2ed') in 0.029373 seconds 
========================================================================
Received Import Request.
  Time since last request: 0.000019 seconds.
  path: Assets/Brick Project Studio/Apartment Kit/Common/Textures/Misc/Art_04.png
  artifactKey: Guid(93aed1f0d891f3440880dcc4154ccbf5) Importer(815301076,1909f56bfc062723c751e8b465ee728b)
Start importing Assets/Brick Project Studio/Apartment Kit/Common/Textures/Misc/Art_04.png using Guid(93aed1f0d891f3440880dcc4154ccbf5) Importer(815301076,1909f56bfc062723c751e8b465ee728b)  -> (artifact id: 'b98843f90a0ab062dd236264538d11dd') in 0.018128 seconds 
========================================================================
Received Import Request.
  Time since last request: 0.000028 seconds.
  path: Assets/Enviroment/enviroment/Office building/textures/Props/used/Kindergarten Cupboard A.png
  artifactKey: Guid(8b8ced213b7e9194eae137107b19d008) Importer(815301076,1909f56bfc062723c751e8b465ee728b)
Start importing Assets/Enviroment/enviroment/Office building/textures/Props/used/Kindergarten Cupboard A.png using Guid(8b8ced213b7e9194eae137107b19d008) Importer(815301076,1909f56bfc062723c751e8b465ee728b)  -> (artifact id: 'f832067c3143b52a150c7095b6d501de') in 0.009068 seconds 
========================================================================
Received Import Request.
  Time since last request: 0.000035 seconds.
  path: Assets/Enviroment/enviroment/Office building/Prefabs/Kindergarten Cupboard B Prefab.prefab
  artifactKey: Guid(da44c91f93b60e34d892f29da8410ff7) Importer(815301076,1909f56bfc062723c751e8b465ee728b)
Start importing Assets/Enviroment/enviroment/Office building/Prefabs/Kindergarten Cupboard B Prefab.prefab using Guid(da44c91f93b60e34d892f29da8410ff7) Importer(815301076,1909f56bfc062723c751e8b465ee728b)  -> (artifact id: 'b105087b5b36c6e0f8fb1659df12c4ae') in 0.016023 seconds 
========================================================================
Received Import Request.
  Time since last request: 0.000026 seconds.
  path: Assets/Enviroment/enviroment/Office building/material props/Kindergarten Cupboard A.mat
  artifactKey: Guid(9ebee45799e9068439f1e1cb54edf037) Importer(815301076,1909f56bfc062723c751e8b465ee728b)
Start importing Assets/Enviroment/enviroment/Office building/material props/Kindergarten Cupboard A.mat using Guid(9ebee45799e9068439f1e1cb54edf037) Importer(815301076,1909f56bfc062723c751e8b465ee728b)  -> (artifact id: 'cca091236461afd70386af8d0898bb3e') in 0.005982 seconds 
========================================================================
Received Import Request.
  Time since last request: 0.000036 seconds.
  path: Packages/com.unity.render-pipelines.universal/ShaderLibrary/ParticlesInstancing.hlsl
  artifactKey: Guid(c70398529f54bc44ca6a3ed0211e039f) Importer(815301076,1909f56bfc062723c751e8b465ee728b)
Start importing Packages/com.unity.render-pipelines.universal/ShaderLibrary/ParticlesInstancing.hlsl using Guid(c70398529f54bc44ca6a3ed0211e039f) Importer(815301076,1909f56bfc062723c751e8b465ee728b)  -> (artifact id: 'c64027fffc7399c103811f848f453100') in 0.002030 seconds 
========================================================================
Received Import Request.
  Time since last request: 0.000042 seconds.
  path: Assets/Enviroment/enviroment/Office building/meshes/carton.fbx
  artifactKey: Guid(7c9ede95921539344a5ba620271ca562) Importer(815301076,1909f56bfc062723c751e8b465ee728b)
Start importing Assets/Enviroment/enviroment/Office building/meshes/carton.fbx using Guid(7c9ede95921539344a5ba620271ca562) Importer(815301076,1909f56bfc062723c751e8b465ee728b)  -> (artifact id: '904b6de6bba73f275135aca2142e3913') in 0.015948 seconds 
========================================================================
Received Import Request.
  Time since last request: 0.000020 seconds.
  path: Assets/Enviroment/enviroment/Office building/textures/Props/used/Kindergarten carpet.png
  artifactKey: Guid(054c3d545422cf444be940cbfd4766da) Importer(815301076,1909f56bfc062723c751e8b465ee728b)
Start importing Assets/Enviroment/enviroment/Office building/textures/Props/used/Kindergarten carpet.png using Guid(054c3d545422cf444be940cbfd4766da) Importer(815301076,1909f56bfc062723c751e8b465ee728b)  -> (artifact id: '46b1d5ed8ae15ea15c482f8f41422346') in 0.009178 seconds 
========================================================================
Received Import Request.
  Time since last request: 10.160205 seconds.
  path: Assets/Brick Project Studio/Apartment Kit/Common/Textures/Misc/Materials/Art_01.mat
  artifactKey: Guid(dc514939ed4029f428da2ff23d4b21cd) Importer(815301076,1909f56bfc062723c751e8b465ee728b)
Start importing Assets/Brick Project Studio/Apartment Kit/Common/Textures/Misc/Materials/Art_01.mat using Guid(dc514939ed4029f428da2ff23d4b21cd) Importer(815301076,1909f56bfc062723c751e8b465ee728b)  -> (artifact id: '3253b6515b2ac7556a9acf72938a1113') in 0.010886 seconds 
========================================================================
Received Import Request.
  Time since last request: 22.324709 seconds.
  path: Assets/SyntyStudios/PolygonCity/Prefabs/Buildings/SM_Bld_Apartment_Roof_02.prefab
  artifactKey: Guid(99e3d52be60050d4883633a4b0e12226) Importer(815301076,1909f56bfc062723c751e8b465ee728b)
Start importing Assets/SyntyStudios/PolygonCity/Prefabs/Buildings/SM_Bld_Apartment_Roof_02.prefab using Guid(99e3d52be60050d4883633a4b0e12226) Importer(815301076,1909f56bfc062723c751e8b465ee728b)  -> (artifact id: 'db3b1fc818dbcf0436f5c30123f73f4e') in 0.025428 seconds 
========================================================================
Received Import Request.
  Time since last request: 0.000021 seconds.
  path: Assets/SyntyStudios/PolygonCity/Prefabs/Buildings/SM_Bld_Apartment_Roof_Corner_03.prefab
  artifactKey: Guid(0c535ed1fa2fdad4593c4e6c8997762c) Importer(815301076,1909f56bfc062723c751e8b465ee728b)
Start importing Assets/SyntyStudios/PolygonCity/Prefabs/Buildings/SM_Bld_Apartment_Roof_Corner_03.prefab using Guid(0c535ed1fa2fdad4593c4e6c8997762c) Importer(815301076,1909f56bfc062723c751e8b465ee728b)  -> (artifact id: '04837d844c242b121036468a0231daad') in 0.024592 seconds 
========================================================================
Received Import Request.
  Time since last request: 0.689374 seconds.
  path: Assets/SyntyStudios/PolygonCity/Prefabs/Buildings/SM_Bld_Apartment_Stack_01.prefab
  artifactKey: Guid(c498c5a0f7820b142b3b929366f2cf35) Importer(815301076,1909f56bfc062723c751e8b465ee728b)
Start importing Assets/SyntyStudios/PolygonCity/Prefabs/Buildings/SM_Bld_Apartment_Stack_01.prefab using Guid(c498c5a0f7820b142b3b929366f2cf35) Importer(815301076,1909f56bfc062723c751e8b465ee728b)  -> (artifact id: '90ff6a59805a47214174b3bd3343a2ae') in 0.025247 seconds 
========================================================================
Received Import Request.
  Time since last request: 0.000025 seconds.
  path: Assets/SyntyStudios/PolygonCity/Models/Collisions/SM_Bld_Apartment_Stack_02_Convex.asset
  artifactKey: Guid(b8702454cecb2ae4e95a3ecf4f69f178) Importer(815301076,1909f56bfc062723c751e8b465ee728b)
Start importing Assets/SyntyStudios/PolygonCity/Models/Collisions/SM_Bld_Apartment_Stack_02_Convex.asset using Guid(b8702454cecb2ae4e95a3ecf4f69f178) Importer(815301076,1909f56bfc062723c751e8b465ee728b)  -> (artifact id: 'b2ca18a4be732f655a56c2d292b1dbe5') in 0.013616 seconds 
========================================================================
Received Import Request.
  Time since last request: 0.000022 seconds.
  path: Assets/SyntyStudios/PolygonCity/Models/Collisions/SM_Bld_Apartment_Stack_03_Convex 1.asset
  artifactKey: Guid(f7ebcb5df351b844baced24fa97e2e89) Importer(815301076,1909f56bfc062723c751e8b465ee728b)
Start importing Assets/SyntyStudios/PolygonCity/Models/Collisions/SM_Bld_Apartment_Stack_03_Convex 1.asset using Guid(f7ebcb5df351b844baced24fa97e2e89) Importer(815301076,1909f56bfc062723c751e8b465ee728b)  -> (artifact id: '8c6d13cf14fcc890659a3b56fab0115b') in 0.012854 seconds 
========================================================================
Received Import Request.
  Time since last request: 0.000026 seconds.
  path: Assets/SyntyStudios/PolygonCity/Models/Collisions/SM_Bld_Apartment_Stack_02_Convex 1.asset
  artifactKey: Guid(07f940b3a524bbb40a4065162d5e777d) Importer(815301076,1909f56bfc062723c751e8b465ee728b)
Start importing Assets/SyntyStudios/PolygonCity/Models/Collisions/SM_Bld_Apartment_Stack_02_Convex 1.asset using Guid(07f940b3a524bbb40a4065162d5e777d) Importer(815301076,1909f56bfc062723c751e8b465ee728b)  -> (artifact id: '86eddf168ed07ee791d2f561d014576a') in 0.011080 seconds 
========================================================================
Received Import Request.
  Time since last request: 0.190170 seconds.
  path: Assets/SyntyStudios/PolygonCity/Prefabs/Buildings/SM_Bld_Apartment_Stairs_01.prefab
  artifactKey: Guid(afe0ad4fc8b424945846ae10043c796b) Importer(815301076,1909f56bfc062723c751e8b465ee728b)
Start importing Assets/SyntyStudios/PolygonCity/Prefabs/Buildings/SM_Bld_Apartment_Stairs_01.prefab using Guid(afe0ad4fc8b424945846ae10043c796b) Importer(815301076,1909f56bfc062723c751e8b465ee728b)  -> (artifact id: '47db78f6f44d35eeeb0004fe8def6f1e') in 0.023116 seconds 
========================================================================
Received Import Request.
  Time since last request: 0.000024 seconds.
  path: Assets/SyntyStudios/PolygonCity/Prefabs/Buildings/SM_Bld_Apartment_Stairs_02.prefab
  artifactKey: Guid(f82429eae662f5d4cb83cadb3417f66d) Importer(815301076,1909f56bfc062723c751e8b465ee728b)
Start importing Assets/SyntyStudios/PolygonCity/Prefabs/Buildings/SM_Bld_Apartment_Stairs_02.prefab using Guid(f82429eae662f5d4cb83cadb3417f66d) Importer(815301076,1909f56bfc062723c751e8b465ee728b)  -> (artifact id: 'fb16ccac07c8a086ceab29829feac9c4') in 0.022276 seconds 
========================================================================
Received Import Request.
  Time since last request: 0.000032 seconds.
  path: Assets/SyntyStudios/PolygonCity/Models/Collisions/SM_Bld_Apartment_Stairs_03_Convex.asset
  artifactKey: Guid(3452e82e0f5375c40820dc6c4f21c557) Importer(815301076,1909f56bfc062723c751e8b465ee728b)
Start importing Assets/SyntyStudios/PolygonCity/Models/Collisions/SM_Bld_Apartment_Stairs_03_Convex.asset using Guid(3452e82e0f5375c40820dc6c4f21c557) Importer(815301076,1909f56bfc062723c751e8b465ee728b)  -> (artifact id: '03073e2e60beaa3203fcf3bcee68e08f') in 0.011808 seconds 
========================================================================
Received Import Request.
  Time since last request: 1.233631 seconds.
  path: Assets/SyntyStudios/PolygonCity/Prefabs/Buildings/Custom/SM_Bld_Apartment_Stairs_Corner_01.prefab
  artifactKey: Guid(0b1f3d2a6e07d63448f8399665932fcc) Importer(815301076,1909f56bfc062723c751e8b465ee728b)
Start importing Assets/SyntyStudios/PolygonCity/Prefabs/Buildings/Custom/SM_Bld_Apartment_Stairs_Corner_01.prefab using Guid(0b1f3d2a6e07d63448f8399665932fcc) Importer(815301076,1909f56bfc062723c751e8b465ee728b)  -> (artifact id: 'dce8445ad36c2de9bd98b8c40bee481e') in 0.026770 seconds 
========================================================================
Received Import Request.
  Time since last request: 0.262265 seconds.
  path: Assets/SyntyStudios/PolygonStarter/PolygonPrototype/Prefabs/Icons/SM_Icon_Heart_01.prefab
  artifactKey: Guid(366d0baa876384a4f8b54f21c791e832) Importer(815301076,1909f56bfc062723c751e8b465ee728b)
Start importing Assets/SyntyStudios/PolygonStarter/PolygonPrototype/Prefabs/Icons/SM_Icon_Heart_01.prefab using Guid(366d0baa876384a4f8b54f21c791e832) Importer(815301076,1909f56bfc062723c751e8b465ee728b)  -> (artifact id: '925bb393d4de48e6b15a539530952a20') in 0.035678 seconds 
========================================================================
Received Import Request.
  Time since last request: 0.370494 seconds.
  path: Assets/SyntyStudios/PolygonKnights/Prefabs/Props/Snow/SM_Prop_Cart_01_Snow.prefab
  artifactKey: Guid(58b5596c2a042ab4c88e7cc17c107b4e) Importer(815301076,1909f56bfc062723c751e8b465ee728b)
Start importing Assets/SyntyStudios/PolygonKnights/Prefabs/Props/Snow/SM_Prop_Cart_01_Snow.prefab using Guid(58b5596c2a042ab4c88e7cc17c107b4e) Importer(815301076,1909f56bfc062723c751e8b465ee728b)  -> (artifact id: '188bf920780a53aa4926e07ed5a4d738') in 0.018498 seconds 
========================================================================
Received Import Request.
  Time since last request: 0.000024 seconds.
  path: Assets/SyntyStudios/PolygonAdventure/Prefabs/Props/SM_Prop_Cart_03.prefab
  artifactKey: Guid(508206b8d74d09c4d96cee495fa4fafb) Importer(815301076,1909f56bfc062723c751e8b465ee728b)
Start importing Assets/SyntyStudios/PolygonAdventure/Prefabs/Props/SM_Prop_Cart_03.prefab using Guid(508206b8d74d09c4d96cee495fa4fafb) Importer(815301076,1909f56bfc062723c751e8b465ee728b)  -> (artifact id: '8748074b040fe0f40366f0bdbd8f3197') in 0.027347 seconds 
========================================================================
Received Import Request.
  Time since last request: 4.098190 seconds.
  path: Assets/SyntyStudios/PolygonAdventure/Prefabs/Props/SM_Prop_Cart_Wheel_01.prefab
  artifactKey: Guid(02eae6cf7b6c5d040bae88762a05569e) Importer(815301076,1909f56bfc062723c751e8b465ee728b)
Start importing Assets/SyntyStudios/PolygonAdventure/Prefabs/Props/SM_Prop_Cart_Wheel_01.prefab using Guid(02eae6cf7b6c5d040bae88762a05569e) Importer(815301076,1909f56bfc062723c751e8b465ee728b)  -> (artifact id: '95edaed16cfe1d415edbd18bcba769f6') in 0.019710 seconds 
========================================================================
Received Import Request.
  Time since last request: 0.000020 seconds.
  path: Assets/SyntyStudios/PolygonKnights/Prefabs/Props/SM_Prop_CartHay_01.prefab
  artifactKey: Guid(132d1de61c7a2714f9cff49ced16356d) Importer(815301076,1909f56bfc062723c751e8b465ee728b)
Start importing Assets/SyntyStudios/PolygonKnights/Prefabs/Props/SM_Prop_CartHay_01.prefab using Guid(132d1de61c7a2714f9cff49ced16356d) Importer(815301076,1909f56bfc062723c751e8b465ee728b)  -> (artifact id: 'e92fea86e3034325707a69c48a9d60d6') in 0.033180 seconds 
========================================================================
Received Import Request.
  Time since last request: 3.049338 seconds.
  path: Assets/SyntyStudios/PolygonKnights/Prefabs/Props/SM_Prop_CartWheel_01.prefab
  artifactKey: Guid(a46d562cc4980004b95e73322fc948be) Importer(815301076,1909f56bfc062723c751e8b465ee728b)
Start importing Assets/SyntyStudios/PolygonKnights/Prefabs/Props/SM_Prop_CartWheel_01.prefab using Guid(a46d562cc4980004b95e73322fc948be) Importer(815301076,1909f56bfc062723c751e8b465ee728b)  -> (artifact id: '49cc2365cdd3f1e9194b494d2199f7d6') in 0.019932 seconds 
========================================================================
Received Import Request.
  Time since last request: 0.000021 seconds.
  path: Assets/SyntyStudios/PolygonCity/Prefabs/Props/SM_Prop_Pipe_Part_Connect_01.prefab
  artifactKey: Guid(b0a54232ae05a044dba83bfeab0610a6) Importer(815301076,1909f56bfc062723c751e8b465ee728b)
Start importing Assets/SyntyStudios/PolygonCity/Prefabs/Props/SM_Prop_Pipe_Part_Connect_01.prefab using Guid(b0a54232ae05a044dba83bfeab0610a6) Importer(815301076,1909f56bfc062723c751e8b465ee728b)  -> (artifact id: 'a7ff9c9b71417fec87b5f026b568d4bd') in 0.030477 seconds 
========================================================================
Received Import Request.
  Time since last request: 0.274063 seconds.
  path: Assets/SyntyStudios/PolygonCity/Prefabs/Props/SM_Prop_Pipe_Part_Straight_01.prefab
  artifactKey: Guid(42e94ce5732df054f8a422b0b283aef8) Importer(815301076,1909f56bfc062723c751e8b465ee728b)
Start importing Assets/SyntyStudios/PolygonCity/Prefabs/Props/SM_Prop_Pipe_Part_Straight_01.prefab using Guid(42e94ce5732df054f8a422b0b283aef8) Importer(815301076,1909f56bfc062723c751e8b465ee728b)  -> (artifact id: '3836c86d33561c6efe8bae7c16981035') in 0.024589 seconds 
========================================================================
Received Import Request.
  Time since last request: 0.000023 seconds.
  path: Assets/SyntyStudios/PolygonCity/Prefabs/Props/SM_Prop_SmartPhone_01.prefab
  artifactKey: Guid(1b9925b02d7968d45b8d566ed8ca99b5) Importer(815301076,1909f56bfc062723c751e8b465ee728b)
Start importing Assets/SyntyStudios/PolygonCity/Prefabs/Props/SM_Prop_SmartPhone_01.prefab using Guid(1b9925b02d7968d45b8d566ed8ca99b5) Importer(815301076,1909f56bfc062723c751e8b465ee728b)  -> (artifact id: 'bb0b40ad21e2eea9e2237508f7a7fec1') in 0.024076 seconds 
========================================================================
Received Import Request.
  Time since last request: 1.500244 seconds.
  path: Packages/com.unity.collab-proxy/Editor/Collaborate/Assets/Styles/StartPageView.uss
  artifactKey: Guid(a06574b6de1fa064e95a5635a03b712d) Importer(815301076,1909f56bfc062723c751e8b465ee728b)
Start importing Packages/com.unity.collab-proxy/Editor/Collaborate/Assets/Styles/StartPageView.uss using Guid(a06574b6de1fa064e95a5635a03b712d) Importer(815301076,1909f56bfc062723c751e8b465ee728b)  -> (artifact id: '2577724783d01879194afcff54c50ed7') in 0.016657 seconds 
========================================================================
Received Import Request.
  Time since last request: 1.063098 seconds.
  path: Packages/com.unity.timeline/Editor/StyleSheets/Images/LightSkin/TimelineStartPlayback.png
  artifactKey: Guid(824c4beb0ca6c934bbc7a26919302236) Importer(815301076,1909f56bfc062723c751e8b465ee728b)
Start importing Packages/com.unity.timeline/Editor/StyleSheets/Images/LightSkin/TimelineStartPlayback.png using Guid(824c4beb0ca6c934bbc7a26919302236) Importer(815301076,1909f56bfc062723c751e8b465ee728b)  -> (artifact id: '354e2b4512cc521d650e7192de4dd12d') in 0.019508 seconds 
========================================================================
Received Import Request.
  Time since last request: 3.732566 seconds.
  path: Assets/Brick Project Studio/Apartment Kit/_Prefabs/Props/Art/WallArt_Apt_01.prefab
  artifactKey: Guid(6ab6af969cb643e44b67269676f36669) Importer(815301076,1909f56bfc062723c751e8b465ee728b)
Start importing Assets/Brick Project Studio/Apartment Kit/_Prefabs/Props/Art/WallArt_Apt_01.prefab using Guid(6ab6af969cb643e44b67269676f36669) Importer(815301076,1909f56bfc062723c751e8b465ee728b)  -> (artifact id: 'e75770e376255b1b3e45c32914a2c746') in 0.060362 seconds 
========================================================================
Received Import Request.
  Time since last request: 0.000027 seconds.
  path: Assets/Brick Project Studio/Apartment Kit/_Prefabs/Props/Art/WallArt_Apt_04.prefab
  artifactKey: Guid(2804d1473f02dbe46804e506168c85ec) Importer(815301076,1909f56bfc062723c751e8b465ee728b)
Start importing Assets/Brick Project Studio/Apartment Kit/_Prefabs/Props/Art/WallArt_Apt_04.prefab using Guid(2804d1473f02dbe46804e506168c85ec) Importer(815301076,1909f56bfc062723c751e8b465ee728b)  -> (artifact id: '3c3ec0ba9ec38ea68c5bd61f6dc36465') in 0.044375 seconds 
========================================================================
Received Import Request.
  Time since last request: 42.213548 seconds.
  path: Assets/Enviroment/enviroment/Office building/material props/Kitchen Chair B.mat
  artifactKey: Guid(8e8d3363e2aba4741a9c2ca24fe77406) Importer(815301076,1909f56bfc062723c751e8b465ee728b)
Start importing Assets/Enviroment/enviroment/Office building/material props/Kitchen Chair B.mat using Guid(8e8d3363e2aba4741a9c2ca24fe77406) Importer(815301076,1909f56bfc062723c751e8b465ee728b)  -> (artifact id: '04095a68dd0aa7988d4342bf7aec01e2') in 0.022182 seconds 
========================================================================
Received Import Request.
  Time since last request: 0.000027 seconds.
  path: Assets/Enviroment/enviroment/Office building/Material lamps evelator/Lamp A.mat
  artifactKey: Guid(925b8fd9e0528aa439f35261c5d12cf8) Importer(815301076,1909f56bfc062723c751e8b465ee728b)
Start importing Assets/Enviroment/enviroment/Office building/Material lamps evelator/Lamp A.mat using Guid(925b8fd9e0528aa439f35261c5d12cf8) Importer(815301076,1909f56bfc062723c751e8b465ee728b)  -> (artifact id: 'ebf304bac5d7d1b450f1d6d2cf3fe3a1') in 0.022241 seconds 
========================================================================
Received Import Request.
  Time since last request: 0.000021 seconds.
  path: Assets/Enviroment/enviroment/Office building/Material lamps evelator/Lamp B.mat
  artifactKey: Guid(30d6b547b23512c4cba425e1f1215169) Importer(815301076,1909f56bfc062723c751e8b465ee728b)
Start importing Assets/Enviroment/enviroment/Office building/Material lamps evelator/Lamp B.mat using Guid(30d6b547b23512c4cba425e1f1215169) Importer(815301076,1909f56bfc062723c751e8b465ee728b)  -> (artifact id: '385b6a9f0d967f10ec4a802811faf01c') in 0.034951 seconds 
========================================================================
Received Import Request.
  Time since last request: 2.507862 seconds.
  path: Assets/Enviroment/enviroment/Office building/materials Building/Facade 2.mat
  artifactKey: Guid(4c64c0fd4b4e2354889c2e5081ad695e) Importer(815301076,1909f56bfc062723c751e8b465ee728b)
Start importing Assets/Enviroment/enviroment/Office building/materials Building/Facade 2.mat using Guid(4c64c0fd4b4e2354889c2e5081ad695e) Importer(815301076,1909f56bfc062723c751e8b465ee728b)  -> (artifact id: 'f47de16b2d2d50be761095c6babe26d7') in 0.031364 seconds 
========================================================================
Received Import Request.
  Time since last request: 864.777326 seconds.
  path: Assets/Enviroment/enviroment/Office building/Prefabs/Window Prefab.prefab
  artifactKey: Guid(825e92f1e5b55c745a191cc0957d5458) Importer(815301076,1909f56bfc062723c751e8b465ee728b)
Start importing Assets/Enviroment/enviroment/Office building/Prefabs/Window Prefab.prefab using Guid(825e92f1e5b55c745a191cc0957d5458) Importer(815301076,1909f56bfc062723c751e8b465ee728b)  -> (artifact id: 'c5001625f509ea79325fa1a547e4b1ec') in 0.020235 seconds 
========================================================================
Received Import Request.
  Time since last request: 16.206092 seconds.
  path: Assets/SyntyStudios/PolygonStarter/PolygonPrototype/Prefabs/Props/SM_Prop_Window_Bar_01.prefab
  artifactKey: Guid(4d0398b83ac8e4f449ea26570a62f787) Importer(815301076,1909f56bfc062723c751e8b465ee728b)
Start importing Assets/SyntyStudios/PolygonStarter/PolygonPrototype/Prefabs/Props/SM_Prop_Window_Bar_01.prefab using Guid(4d0398b83ac8e4f449ea26570a62f787) Importer(815301076,1909f56bfc062723c751e8b465ee728b)  -> (artifact id: 'caa5474c37fcbf06e32a926fa383240d') in 0.016389 seconds 
========================================================================
Received Import Request.
  Time since last request: 0.000023 seconds.
  path: Packages/com.unity.collab-proxy/Editor/PlasticSCM/Assets/Layouts/TeamEditionConfigurationWindow.uxml
  artifactKey: Guid(26d3a583da6079145a52a8bef4beb6c5) Importer(815301076,1909f56bfc062723c751e8b465ee728b)
Start importing Packages/com.unity.collab-proxy/Editor/PlasticSCM/Assets/Layouts/TeamEditionConfigurationWindow.uxml using Guid(26d3a583da6079145a52a8bef4beb6c5) Importer(815301076,1909f56bfc062723c751e8b465ee728b)  -> (artifact id: '3a59db4ea8a95213839b0fa25d40d61b') in 0.009062 seconds 
========================================================================
Received Import Request.
  Time since last request: 128.638697 seconds.
  path: Packages/com.unity.postprocessing/PostProcessing/PostProcessResources.asset
  artifactKey: Guid(d82512f9c8e5d4a4d938b575d47f88d4) Importer(815301076,1909f56bfc062723c751e8b465ee728b)
Start importing Packages/com.unity.postprocessing/PostProcessing/PostProcessResources.asset using Guid(d82512f9c8e5d4a4d938b575d47f88d4) Importer(815301076,1909f56bfc062723c751e8b465ee728b)  -> (artifact id: 'be52f2d506a4e912119ebcde30efbe90') in 0.270999 seconds 
========================================================================
Received Import Request.
  Time since last request: 0.052697 seconds.
  path: Assets/Brick Project Studio/Apartment Kit/_Prefabs/Furniture/Living Room/Sofa_Apt_01.prefab
  artifactKey: Guid(d46fa1eeedbcb0e41b8c735b2594b434) Importer(815301076,1909f56bfc062723c751e8b465ee728b)
Start importing Assets/Brick Project Studio/Apartment Kit/_Prefabs/Furniture/Living Room/Sofa_Apt_01.prefab using Guid(d46fa1eeedbcb0e41b8c735b2594b434) Importer(815301076,1909f56bfc062723c751e8b465ee728b)  -> (artifact id: 'cc78168f190095e85bbcd6c38ee2f297') in 0.079221 seconds 
Editor requested this worker to shutdown with reason: Scaling down because of idle timeout
AssetImportWorker is now disconnected from the server
Process exiting
Exiting without the bug reporter. Application will terminate with return code 0