Using pre-set license
Built from '2021.3/release' branch; Version is '2021.3.17f1 (3e8111cac19d) revision 4096273'; Using compiler version '192829333'; Build Type 'Release'
OS: 'Windows 11  (10.0.22621) 64bit Professional' Language: 'en' Physical Memory: 32687 MB
BatchMode: 1, IsHumanControllingUs: 0, StartBugReporterOnCrash: 0, Is64bit: 1, IsPro: 1

COMMAND LINE ARGUMENTS:
C:\Program Files\Unity\Hub\Editor\Unity 2021.3.17f1\Editor\Unity.exe
-adb2
-batchMode
-noUpm
-name
AssetImportWorker9
-projectPath
C:/Users/saran/Desktop/4410/4410 game/4410_game/BTBA
-logFile
Logs/AssetImportWorker9.log
-srvPort
58515
Successfully changed project path to: C:/Users/saran/Desktop/4410/4410 game/4410_game/BTBA
C:/Users/saran/Desktop/4410/4410 game/4410_game/BTBA
[UnityMemory] Configuration Parameters - Can be set up in boot.config
    "memorysetup-bucket-allocator-granularity=16"
    "memorysetup-bucket-allocator-bucket-count=8"
    "memorysetup-bucket-allocator-block-size=33554432"
    "memorysetup-bucket-allocator-block-count=8"
    "memorysetup-main-allocator-block-size=16777216"
    "memorysetup-thread-allocator-block-size=16777216"
    "memorysetup-gfx-main-allocator-block-size=16777216"
    "memorysetup-gfx-thread-allocator-block-size=16777216"
    "memorysetup-cache-allocator-block-size=4194304"
    "memorysetup-typetree-allocator-block-size=2097152"
    "memorysetup-profiler-bucket-allocator-granularity=16"
    "memorysetup-profiler-bucket-allocator-bucket-count=8"
    "memorysetup-profiler-bucket-allocator-block-size=33554432"
    "memorysetup-profiler-bucket-allocator-block-count=8"
    "memorysetup-profiler-allocator-block-size=16777216"
    "memorysetup-profiler-editor-allocator-block-size=1048576"
    "memorysetup-temp-allocator-size-main=16777216"
    "memorysetup-job-temp-allocator-block-size=2097152"
    "memorysetup-job-temp-allocator-block-size-background=1048576"
    "memorysetup-job-temp-allocator-reduction-small-platforms=262144"
    "memorysetup-temp-allocator-size-background-worker=32768"
    "memorysetup-temp-allocator-size-job-worker=262144"
    "memorysetup-temp-allocator-size-preload-manager=33554432"
    "memorysetup-temp-allocator-size-nav-mesh-worker=65536"
    "memorysetup-temp-allocator-size-audio-worker=65536"
    "memorysetup-temp-allocator-size-cloud-worker=32768"
    "memorysetup-temp-allocator-size-gi-baking-worker=262144"
    "memorysetup-temp-allocator-size-gfx=262144"
Player connection [2408] Host "[IP] 10.5.0.2 [Port] 0 [Flags] 2 [Guid] 816227893 [EditorId] 816227893 [Version] 1048832 [Id] WindowsEditor(7,Aorus) [Debug] 1 [PackageName] WindowsEditor [ProjectName] Editor" joined multi-casting on [225.0.0.222:54997]...

Player connection [2408] Host "[IP] 10.5.0.2 [Port] 0 [Flags] 2 [Guid] 816227893 [EditorId] 816227893 [Version] 1048832 [Id] WindowsEditor(7,Aorus) [Debug] 1 [PackageName] WindowsEditor [ProjectName] Editor" joined alternative multi-casting on [225.0.0.222:34997]...

Refreshing native plugins compatible for Editor in 163.31 ms, found 3 plugins.
Preloading 0 native plugins for Editor in 0.00 ms.
Initialize engine version: 2021.3.17f1 (3e8111cac19d)
[Subsystems] Discovering subsystems at path C:/Program Files/Unity/Hub/Editor/Unity 2021.3.17f1/Editor/Data/Resources/UnitySubsystems
[Subsystems] Discovering subsystems at path C:/Users/saran/Desktop/4410/4410 game/4410_game/BTBA/Assets
GfxDevice: creating device client; threaded=0; jobified=0
Direct3D:
    Version:  Direct3D 11.0 [level 11.1]
    Renderer: NVIDIA GeForce RTX 2080 Ti (ID=0x1e07)
    Vendor:   NVIDIA
    VRAM:     11041 MB
    Driver:   31.0.15.3129
Initialize mono
Mono path[0] = 'C:/Program Files/Unity/Hub/Editor/Unity 2021.3.17f1/Editor/Data/Managed'
Mono path[1] = 'C:/Program Files/Unity/Hub/Editor/Unity 2021.3.17f1/Editor/Data/MonoBleedingEdge/lib/mono/unityjit-win32'
Mono config path = 'C:/Program Files/Unity/Hub/Editor/Unity 2021.3.17f1/Editor/Data/MonoBleedingEdge/etc'
Using monoOptions --debugger-agent=transport=dt_socket,embedding=1,server=y,suspend=n,address=127.0.0.1:56800
Begin MonoManager ReloadAssembly
Registering precompiled unity dll's ...
Register platform support module: C:/Program Files/Unity/Hub/Editor/Unity 2021.3.17f1/Editor/Data/PlaybackEngines/WindowsStandaloneSupport/UnityEditor.WindowsStandalone.Extensions.dll
Registered in 0.004367 seconds.
Native extension for WindowsStandalone target not found
Refreshing native plugins compatible for Editor in 121.45 ms, found 3 plugins.
Preloading 0 native plugins for Editor in 0.00 ms.
Mono: successfully reloaded assembly
- Completed reload, in  0.540 seconds
Domain Reload Profiling:
	ReloadAssembly (540ms)
		BeginReloadAssembly (60ms)
			ExecutionOrderSort (0ms)
			DisableScriptedObjects (0ms)
			BackupInstance (0ms)
			ReleaseScriptingObjects (0ms)
			CreateAndSetChildDomain (1ms)
		EndReloadAssembly (389ms)
			LoadAssemblies (58ms)
			RebuildTransferFunctionScriptingTraits (0ms)
			SetupTypeCache (71ms)
			ReleaseScriptCaches (0ms)
			RebuildScriptCaches (15ms)
			SetupLoadedEditorAssemblies (267ms)
				LogAssemblyErrors (0ms)
				InitializePlatformSupportModulesInManaged (5ms)
				SetLoadedEditorAssemblies (0ms)
				RefreshPlugins (122ms)
				BeforeProcessingInitializeOnLoad (1ms)
				ProcessInitializeOnLoadAttributes (111ms)
				ProcessInitializeOnLoadMethodAttributes (28ms)
				AfterProcessingInitializeOnLoad (0ms)
				EditorAssembliesLoaded (0ms)
			ExecutionOrderSort2 (0ms)
			AwakeInstancesAfterBackupRestoration (0ms)
Platform modules already initialized, skipping
Registering precompiled user dll's ...
Registered in 0.005987 seconds.
Begin MonoManager ReloadAssembly
Symbol file LoadedFromMemory doesn't match image C:\Users\saran\Desktop\4410\4410 game\4410_game\BTBA\Library\PackageCache\com.unity.visualscripting@1.8.0\Editor\VisualScripting.Core\Dependencies\YamlDotNet\Unity.VisualScripting.YamlDotNet.dll
Symbol file LoadedFromMemory doesn't match image C:\Users\saran\Desktop\4410\4410 game\4410_game\BTBA\Library\PackageCache\com.unity.visualscripting@1.8.0\Editor\VisualScripting.Core\Dependencies\DotNetZip\Unity.VisualScripting.IonicZip.dll
Native extension for WindowsStandalone target not found
Refreshing native plugins compatible for Editor in 129.07 ms, found 3 plugins.
Preloading 0 native plugins for Editor in 0.00 ms.
Mono: successfully reloaded assembly
- Completed reload, in  1.079 seconds
Domain Reload Profiling:
	ReloadAssembly (1080ms)
		BeginReloadAssembly (72ms)
			ExecutionOrderSort (0ms)
			DisableScriptedObjects (4ms)
			BackupInstance (0ms)
			ReleaseScriptingObjects (0ms)
			CreateAndSetChildDomain (14ms)
		EndReloadAssembly (932ms)
			LoadAssemblies (65ms)
			RebuildTransferFunctionScriptingTraits (0ms)
			SetupTypeCache (215ms)
			ReleaseScriptCaches (1ms)
			RebuildScriptCaches (44ms)
			SetupLoadedEditorAssemblies (579ms)
				LogAssemblyErrors (0ms)
				InitializePlatformSupportModulesInManaged (3ms)
				SetLoadedEditorAssemblies (0ms)
				RefreshPlugins (129ms)
				BeforeProcessingInitializeOnLoad (96ms)
				ProcessInitializeOnLoadAttributes (291ms)
				ProcessInitializeOnLoadMethodAttributes (54ms)
				AfterProcessingInitializeOnLoad (5ms)
				EditorAssembliesLoaded (0ms)
			ExecutionOrderSort2 (0ms)
			AwakeInstancesAfterBackupRestoration (4ms)
Platform modules already initialized, skipping
========================================================================
Worker process is ready to serve import requests
Launched and connected shader compiler UnityShaderCompiler.exe after 0.03 seconds
Refreshing native plugins compatible for Editor in 1.59 ms, found 3 plugins.
Preloading 0 native plugins for Editor in 0.00 ms.
Unloading 6258 Unused Serialized files (Serialized files now loaded: 0)
Unloading 70 unused Assets / (2.0 MB). Loaded Objects now: 6719.
Memory consumption went from 280.7 MB to 278.6 MB.
Total: 3.769200 ms (FindLiveObjects: 0.413900 ms CreateObjectMapping: 0.169800 ms MarkObjects: 2.737100 ms  DeleteObjects: 0.447800 ms)

AssetImportParameters requested are different than current active one (requested -> active):
  custom:video-decoder-ogg-theora: a1e56fd34408186e4bbccfd4996cb3dc -> 
  custom:container-muxer-webm: aa71ff27fc2769a1b78a27578f13a17b -> 
  custom:container-demuxer-webm: 4f35f7cbe854078d1ac9338744f61a02 -> 
  custom:video-encoder-webm-vp8: eb34c28f22e8b96e1ab97ce403110664 -> 
  custom:video-codec-MediaFoundation-h265: e54d7ab0439102e2317fc1e4b246158d -> 
  custom:audio-encoder-webm-vorbis: bf7c407c2cedff20999df2af8eb42d56 -> 
  custom:framework-win-MediaFoundation: 216162199b28c13a410421893ffa2e32 -> 
  custom:container-demuxer-ogg: 62fdf1f143b41e24485cea50d1cbac27 -> 
  custom:video-decoder-webm-vp8: 9c59270c3fd7afecdb556c50c9e8de78 -> 
  custom:audio-decoder-ogg-vorbis: bf7c407c2cedff20999df2af8eb42d56 -> 
========================================================================
Received Import Request.
  Time since last request: 188761.556116 seconds.
  path: Assets/Enviroment/enviroment/Office building/meshes/Toilet paper.fbx
  artifactKey: Guid(39cce7b7a8625ee49ad87290a1738c77) Importer(815301076,1909f56bfc062723c751e8b465ee728b)
Start importing Assets/Enviroment/enviroment/Office building/meshes/Toilet paper.fbx using Guid(39cce7b7a8625ee49ad87290a1738c77) Importer(815301076,1909f56bfc062723c751e8b465ee728b)  -> (artifact id: 'bdfa6c978dc26a359edaec5cdc360901') in 0.220902 seconds 
========================================================================
Received Import Request.
  Time since last request: 1.600381 seconds.
  path: Assets/SyntyStudios/PolygonAdventure/Models/SM_Prop_Basket_04.fbx
  artifactKey: Guid(94e78dda093d6704f97dba2bde81981d) Importer(815301076,1909f56bfc062723c751e8b465ee728b)
Start importing Assets/SyntyStudios/PolygonAdventure/Models/SM_Prop_Basket_04.fbx using Guid(94e78dda093d6704f97dba2bde81981d) Importer(815301076,1909f56bfc062723c751e8b465ee728b)  -> (artifact id: 'a26b18959abb62b87542a8f5673f84e0') in 0.020252 seconds 
========================================================================
Received Import Request.
  Time since last request: 2.090689 seconds.
  path: Assets/Enviroment/enviroment/Office building/meshes/Clock.fbx
  artifactKey: Guid(8e0070b5b411d204a804fff8e62d694e) Importer(815301076,1909f56bfc062723c751e8b465ee728b)
Start importing Assets/Enviroment/enviroment/Office building/meshes/Clock.fbx using Guid(8e0070b5b411d204a804fff8e62d694e) Importer(815301076,1909f56bfc062723c751e8b465ee728b)  -> (artifact id: '9972e804bd36a00a3f91e7896dfc9a75') in 0.034599 seconds 
========================================================================
Received Import Request.
  Time since last request: 0.722171 seconds.
  path: Assets/Enviroment/enviroment/Office building/meshes/Plant 3.fbx
  artifactKey: Guid(69c26a941c079874988f990a50c935be) Importer(815301076,1909f56bfc062723c751e8b465ee728b)
Start importing Assets/Enviroment/enviroment/Office building/meshes/Plant 3.fbx using Guid(69c26a941c079874988f990a50c935be) Importer(815301076,1909f56bfc062723c751e8b465ee728b)  -> (artifact id: '8650eacc4c70345cbeacd052fa3bb501') in 0.046206 seconds 
========================================================================
Received Import Request.
  Time since last request: 0.000025 seconds.
  path: Assets/SyntyStudios/PolygonKnights/Models/SM_Bld_Leanto_01_Snow.fbx
  artifactKey: Guid(22a2c8548820fd848b12f75958520f37) Importer(815301076,1909f56bfc062723c751e8b465ee728b)
Start importing Assets/SyntyStudios/PolygonKnights/Models/SM_Bld_Leanto_01_Snow.fbx using Guid(22a2c8548820fd848b12f75958520f37) Importer(815301076,1909f56bfc062723c751e8b465ee728b)  -> (artifact id: '172472b2f83615bac4cbc72f2d7424b3') in 0.025815 seconds 
========================================================================
Received Import Request.
  Time since last request: 324.596997 seconds.
  path: Assets/Brick Project Studio/Apartment Kit/_Prefabs/Furniture/Misc
  artifactKey: Guid(a736afff634d1a440b7395f96e6bec4d) Importer(815301076,1909f56bfc062723c751e8b465ee728b)
Start importing Assets/Brick Project Studio/Apartment Kit/_Prefabs/Furniture/Misc using Guid(a736afff634d1a440b7395f96e6bec4d) Importer(815301076,1909f56bfc062723c751e8b465ee728b)  -> (artifact id: '3d82f83a11bdc9185c644077c761c90c') in 0.007264 seconds 
========================================================================
Received Import Request.
  Time since last request: 52.918773 seconds.
  path: Packages/com.unity.render-pipelines.core/Editor/LookDev/Icons/d_LayoutVertical.png
  artifactKey: Guid(02c3588c32f640d47bb70ee3fa774fce) Importer(815301076,1909f56bfc062723c751e8b465ee728b)
Start importing Packages/com.unity.render-pipelines.core/Editor/LookDev/Icons/d_LayoutVertical.png using Guid(02c3588c32f640d47bb70ee3fa774fce) Importer(815301076,1909f56bfc062723c751e8b465ee728b)  -> (artifact id: 'ace40adc5f39211a9d4ba3384918630b') in 0.041324 seconds 
========================================================================
Received Import Request.
  Time since last request: 0.000027 seconds.
  path: Packages/com.unity.services.core/Editor/Core/UiHelpers/USS/PlatformSupportVisualLight.uss
  artifactKey: Guid(c56cb2f61c79e4427b47e2dedd499d46) Importer(815301076,1909f56bfc062723c751e8b465ee728b)
Start importing Packages/com.unity.services.core/Editor/Core/UiHelpers/USS/PlatformSupportVisualLight.uss using Guid(c56cb2f61c79e4427b47e2dedd499d46) Importer(815301076,1909f56bfc062723c751e8b465ee728b)  -> (artifact id: '97df86e4018668920d66596f295aea45') in 0.019067 seconds 
========================================================================
Received Import Request.
  Time since last request: 0.000024 seconds.
  path: Packages/com.unity.services.core/Editor/Core/UiHelpers/UXML/PlatformSupportVisual.uxml
  artifactKey: Guid(3ec1058b5f6b14ce3ad4b976c291d834) Importer(815301076,1909f56bfc062723c751e8b465ee728b)
Start importing Packages/com.unity.services.core/Editor/Core/UiHelpers/UXML/PlatformSupportVisual.uxml using Guid(3ec1058b5f6b14ce3ad4b976c291d834) Importer(815301076,1909f56bfc062723c751e8b465ee728b)  -> (artifact id: '590539b5da8fb20574144bfab5b6e791') in 0.016475 seconds 
========================================================================
Received Import Request.
  Time since last request: 0.000021 seconds.
  path: Packages/com.unity.shadergraph/Editor/Resources/Styles/ReorderableSlotListView.uss
  artifactKey: Guid(86af34a821ab1e64aa04298dc9cafb4e) Importer(815301076,1909f56bfc062723c751e8b465ee728b)
Start importing Packages/com.unity.shadergraph/Editor/Resources/Styles/ReorderableSlotListView.uss using Guid(86af34a821ab1e64aa04298dc9cafb4e) Importer(815301076,1909f56bfc062723c751e8b465ee728b)  -> (artifact id: '2271bc4f26842f6688f5745a9d6368a4') in 0.012840 seconds 
========================================================================
Received Import Request.
  Time since last request: 0.000018 seconds.
  path: Packages/com.unity.services.core/Editor/Core/UiHelpers/USS/PlatformSupportVisualCommon.uss
  artifactKey: Guid(9adf428799cec421caeecd93d938c500) Importer(815301076,1909f56bfc062723c751e8b465ee728b)
Start importing Packages/com.unity.services.core/Editor/Core/UiHelpers/USS/PlatformSupportVisualCommon.uss using Guid(9adf428799cec421caeecd93d938c500) Importer(815301076,1909f56bfc062723c751e8b465ee728b)  -> (artifact id: '94b31fe006b46491a7eff6f8c2fe9089') in 0.012999 seconds 
========================================================================
Received Import Request.
  Time since last request: 0.000023 seconds.
  path: Packages/com.unity.shadergraph/Editor/Resources/Styles/PortInputView.uss
  artifactKey: Guid(1cea6b2114919574aac870488908a2e0) Importer(815301076,1909f56bfc062723c751e8b465ee728b)
Start importing Packages/com.unity.shadergraph/Editor/Resources/Styles/PortInputView.uss using Guid(1cea6b2114919574aac870488908a2e0) Importer(815301076,1909f56bfc062723c751e8b465ee728b)  -> (artifact id: '4721e7b3b7788928abc8e6d164984050') in 0.011140 seconds 
========================================================================
Received Import Request.
  Time since last request: 1.448271 seconds.
  path: Packages/com.unity.render-pipelines.universal/Shaders/2D/Include/ShadowProjectVertex.hlsl
  artifactKey: Guid(97832dc646b4fb4498bf5aa61e366c13) Importer(815301076,1909f56bfc062723c751e8b465ee728b)
Start importing Packages/com.unity.render-pipelines.universal/Shaders/2D/Include/ShadowProjectVertex.hlsl using Guid(97832dc646b4fb4498bf5aa61e366c13) Importer(815301076,1909f56bfc062723c751e8b465ee728b)  -> (artifact id: '08f2cc6c7c48d9ecb4540e341d5a9eb1') in 0.010701 seconds 
========================================================================
Received Import Request.
  Time since last request: 0.682283 seconds.
  path: Packages/com.unity.render-pipelines.universal/ShaderLibrary/VisualEffectVertex.hlsl
  artifactKey: Guid(41a9ae1971520f84c89225b0e84299ec) Importer(815301076,1909f56bfc062723c751e8b465ee728b)
Start importing Packages/com.unity.render-pipelines.universal/ShaderLibrary/VisualEffectVertex.hlsl using Guid(41a9ae1971520f84c89225b0e84299ec) Importer(815301076,1909f56bfc062723c751e8b465ee728b)  -> (artifact id: '8c9bca24da1c0f8a447968ea1110509c') in 0.008880 seconds 
========================================================================
Received Import Request.
  Time since last request: 412.564764 seconds.
  path: Packages/com.unity.probuilder/Content/Icons/Tools/ShapeTool/on/Arch.png
  artifactKey: Guid(59174e0e17d65334da602fa20193c69e) Importer(815301076,1909f56bfc062723c751e8b465ee728b)
Start importing Packages/com.unity.probuilder/Content/Icons/Tools/ShapeTool/on/Arch.png using Guid(59174e0e17d65334da602fa20193c69e) Importer(815301076,1909f56bfc062723c751e8b465ee728b)  -> (artifact id: 'e9825a28cb420929f0fdbeb976d9f1f1') in 0.016674 seconds 
========================================================================
Received Import Request.
  Time since last request: 0.000028 seconds.
  path: Packages/com.unity.probuilder/Content/Icons/Tools/ShapeTool/Arch@2x.png
  artifactKey: Guid(88a167cee1bb94744976dbe4929b3d70) Importer(815301076,1909f56bfc062723c751e8b465ee728b)
Start importing Packages/com.unity.probuilder/Content/Icons/Tools/ShapeTool/Arch@2x.png using Guid(88a167cee1bb94744976dbe4929b3d70) Importer(815301076,1909f56bfc062723c751e8b465ee728b)  -> (artifact id: '669d154895e0d37559776242dce224da') in 0.016451 seconds 
========================================================================
Received Import Request.
  Time since last request: 0.000020 seconds.
  path: Packages/com.unity.probuilder/Content/Icons/Tools/ShapeTool/on/Arch@2x.png
  artifactKey: Guid(83a22ff5d6dac6a42bee117814bdd982) Importer(815301076,1909f56bfc062723c751e8b465ee728b)
Start importing Packages/com.unity.probuilder/Content/Icons/Tools/ShapeTool/on/Arch@2x.png using Guid(83a22ff5d6dac6a42bee117814bdd982) Importer(815301076,1909f56bfc062723c751e8b465ee728b)  -> (artifact id: '877f4a16840de9d3e1b6407360069945') in 0.013056 seconds 
========================================================================
Received Import Request.
  Time since last request: 0.473005 seconds.
  path: Assets/Enviroment/enviroment/Office building/material props/Computer chair.mat
  artifactKey: Guid(c91bef0412ad22a4793733160456d011) Importer(815301076,1909f56bfc062723c751e8b465ee728b)
Start importing Assets/Enviroment/enviroment/Office building/material props/Computer chair.mat using Guid(c91bef0412ad22a4793733160456d011) Importer(815301076,1909f56bfc062723c751e8b465ee728b)  -> (artifact id: '1031523221a85ae469c23dfe05bf6f97') in 0.020129 seconds 
========================================================================
Received Import Request.
  Time since last request: 0.000028 seconds.
  path: Assets/Enviroment/enviroment/Office building/Prefabs/Computer chair Prefab.prefab
  artifactKey: Guid(f9e7055c6d8701d419f91d08a8f1a41b) Importer(815301076,1909f56bfc062723c751e8b465ee728b)
Start importing Assets/Enviroment/enviroment/Office building/Prefabs/Computer chair Prefab.prefab using Guid(f9e7055c6d8701d419f91d08a8f1a41b) Importer(815301076,1909f56bfc062723c751e8b465ee728b)  -> (artifact id: 'd727d2d9939e125fc8c8d35e6c8bb6bf') in 0.017236 seconds 
========================================================================
Received Import Request.
  Time since last request: 0.000034 seconds.
  path: Assets/Enviroment/enviroment/Office building/Prefabs/Office chair Prefab.prefab
  artifactKey: Guid(c1e5af2ff42787c4da9691a81d25269e) Importer(815301076,1909f56bfc062723c751e8b465ee728b)
Start importing Assets/Enviroment/enviroment/Office building/Prefabs/Office chair Prefab.prefab using Guid(c1e5af2ff42787c4da9691a81d25269e) Importer(815301076,1909f56bfc062723c751e8b465ee728b)  -> (artifact id: 'b5446188f91ee831f19f915dde161f58') in 0.013298 seconds 
========================================================================
Received Import Request.
  Time since last request: 0.000025 seconds.
  path: Assets/Enviroment/enviroment/Office building/textures/Props/used/Office chair.001.png
  artifactKey: Guid(37506b21e4195c744a5ec3ae0d903c60) Importer(815301076,1909f56bfc062723c751e8b465ee728b)
Start importing Assets/Enviroment/enviroment/Office building/textures/Props/used/Office chair.001.png using Guid(37506b21e4195c744a5ec3ae0d903c60) Importer(815301076,1909f56bfc062723c751e8b465ee728b)  -> (artifact id: 'd4c5dce84ee7c39cefb6ac349bce6d13') in 0.011383 seconds 
========================================================================
Received Import Request.
  Time since last request: 0.000022 seconds.
  path: Assets/Enviroment/enviroment/Office building/Prefabs/Kitchen Chair Prefab.prefab
  artifactKey: Guid(aa7a4ca48de4e4f4f816f5592dbbca1d) Importer(815301076,1909f56bfc062723c751e8b465ee728b)
Start importing Assets/Enviroment/enviroment/Office building/Prefabs/Kitchen Chair Prefab.prefab using Guid(aa7a4ca48de4e4f4f816f5592dbbca1d) Importer(815301076,1909f56bfc062723c751e8b465ee728b)  -> (artifact id: '226881769863ccf211c75d5f1b195d1c') in 0.013505 seconds 
Editor requested this worker to shutdown with reason: Scaling down because of idle timeout
AssetImportWorker is now disconnected from the server
Process exiting
Exiting without the bug reporter. Application will terminate with return code 0