Using pre-set license
Built from '2021.3/release' branch; Version is '2021.3.17f1 (3e8111cac19d) revision 4096273'; Using compiler version '192829333'; Build Type 'Release'
OS: 'Windows 11  (10.0.22621) 64bit Professional' Language: 'en' Physical Memory: 32687 MB
BatchMode: 1, IsHumanControllingUs: 0, StartBugReporterOnCrash: 0, Is64bit: 1, IsPro: 1

COMMAND LINE ARGUMENTS:
C:\Program Files\Unity\Hub\Editor\Unity 2021.3.17f1\Editor\Unity.exe
-adb2
-batchMode
-noUpm
-name
AssetImportWorker7
-projectPath
C:/Users/saran/Desktop/4410/4410 game/4410_game/BTBA
-logFile
Logs/AssetImportWorker7.log
-srvPort
55611
Successfully changed project path to: C:/Users/saran/Desktop/4410/4410 game/4410_game/BTBA
C:/Users/saran/Desktop/4410/4410 game/4410_game/BTBA
[UnityMemory] Configuration Parameters - Can be set up in boot.config
    "memorysetup-bucket-allocator-granularity=16"
    "memorysetup-bucket-allocator-bucket-count=8"
    "memorysetup-bucket-allocator-block-size=33554432"
    "memorysetup-bucket-allocator-block-count=8"
    "memorysetup-main-allocator-block-size=16777216"
    "memorysetup-thread-allocator-block-size=16777216"
    "memorysetup-gfx-main-allocator-block-size=16777216"
    "memorysetup-gfx-thread-allocator-block-size=16777216"
    "memorysetup-cache-allocator-block-size=4194304"
    "memorysetup-typetree-allocator-block-size=2097152"
    "memorysetup-profiler-bucket-allocator-granularity=16"
    "memorysetup-profiler-bucket-allocator-bucket-count=8"
    "memorysetup-profiler-bucket-allocator-block-size=33554432"
    "memorysetup-profiler-bucket-allocator-block-count=8"
    "memorysetup-profiler-allocator-block-size=16777216"
    "memorysetup-profiler-editor-allocator-block-size=1048576"
    "memorysetup-temp-allocator-size-main=16777216"
    "memorysetup-job-temp-allocator-block-size=2097152"
    "memorysetup-job-temp-allocator-block-size-background=1048576"
    "memorysetup-job-temp-allocator-reduction-small-platforms=262144"
    "memorysetup-temp-allocator-size-background-worker=32768"
    "memorysetup-temp-allocator-size-job-worker=262144"
    "memorysetup-temp-allocator-size-preload-manager=33554432"
    "memorysetup-temp-allocator-size-nav-mesh-worker=65536"
    "memorysetup-temp-allocator-size-audio-worker=65536"
    "memorysetup-temp-allocator-size-cloud-worker=32768"
    "memorysetup-temp-allocator-size-gi-baking-worker=262144"
    "memorysetup-temp-allocator-size-gfx=262144"
Player connection [32828] Host "[IP] 10.5.0.2 [Port] 0 [Flags] 2 [Guid] 4272995796 [EditorId] 4272995796 [Version] 1048832 [Id] WindowsEditor(7,Aorus) [Debug] 1 [PackageName] WindowsEditor [ProjectName] Editor" joined multi-casting on [225.0.0.222:54997]...

Player connection [32828] Host "[IP] 10.5.0.2 [Port] 0 [Flags] 2 [Guid] 4272995796 [EditorId] 4272995796 [Version] 1048832 [Id] WindowsEditor(7,Aorus) [Debug] 1 [PackageName] WindowsEditor [ProjectName] Editor" joined alternative multi-casting on [225.0.0.222:34997]...

Refreshing native plugins compatible for Editor in 141.53 ms, found 3 plugins.
Preloading 0 native plugins for Editor in 0.00 ms.
Initialize engine version: 2021.3.17f1 (3e8111cac19d)
[Subsystems] Discovering subsystems at path C:/Program Files/Unity/Hub/Editor/Unity 2021.3.17f1/Editor/Data/Resources/UnitySubsystems
[Subsystems] Discovering subsystems at path C:/Users/saran/Desktop/4410/4410 game/4410_game/BTBA/Assets
GfxDevice: creating device client; threaded=0; jobified=0
Direct3D:
    Version:  Direct3D 11.0 [level 11.1]
    Renderer: NVIDIA GeForce RTX 2080 Ti (ID=0x1e07)
    Vendor:   NVIDIA
    VRAM:     11041 MB
    Driver:   31.0.15.3129
Initialize mono
Mono path[0] = 'C:/Program Files/Unity/Hub/Editor/Unity 2021.3.17f1/Editor/Data/Managed'
Mono path[1] = 'C:/Program Files/Unity/Hub/Editor/Unity 2021.3.17f1/Editor/Data/MonoBleedingEdge/lib/mono/unityjit-win32'
Mono config path = 'C:/Program Files/Unity/Hub/Editor/Unity 2021.3.17f1/Editor/Data/MonoBleedingEdge/etc'
Using monoOptions --debugger-agent=transport=dt_socket,embedding=1,server=y,suspend=n,address=127.0.0.1:56248
Begin MonoManager ReloadAssembly
Registering precompiled unity dll's ...
Register platform support module: C:/Program Files/Unity/Hub/Editor/Unity 2021.3.17f1/Editor/Data/PlaybackEngines/WindowsStandaloneSupport/UnityEditor.WindowsStandalone.Extensions.dll
Registered in 0.003595 seconds.
Native extension for WindowsStandalone target not found
Refreshing native plugins compatible for Editor in 114.03 ms, found 3 plugins.
Preloading 0 native plugins for Editor in 0.00 ms.
Mono: successfully reloaded assembly
- Completed reload, in  0.473 seconds
Domain Reload Profiling:
	ReloadAssembly (473ms)
		BeginReloadAssembly (48ms)
			ExecutionOrderSort (0ms)
			DisableScriptedObjects (0ms)
			BackupInstance (0ms)
			ReleaseScriptingObjects (0ms)
			CreateAndSetChildDomain (0ms)
		EndReloadAssembly (353ms)
			LoadAssemblies (46ms)
			RebuildTransferFunctionScriptingTraits (0ms)
			SetupTypeCache (63ms)
			ReleaseScriptCaches (0ms)
			RebuildScriptCaches (16ms)
			SetupLoadedEditorAssemblies (240ms)
				LogAssemblyErrors (0ms)
				InitializePlatformSupportModulesInManaged (5ms)
				SetLoadedEditorAssemblies (0ms)
				RefreshPlugins (114ms)
				BeforeProcessingInitializeOnLoad (1ms)
				ProcessInitializeOnLoadAttributes (89ms)
				ProcessInitializeOnLoadMethodAttributes (30ms)
				AfterProcessingInitializeOnLoad (0ms)
				EditorAssembliesLoaded (0ms)
			ExecutionOrderSort2 (0ms)
			AwakeInstancesAfterBackupRestoration (0ms)
Platform modules already initialized, skipping
Registering precompiled user dll's ...
Registered in 0.007341 seconds.
Begin MonoManager ReloadAssembly
Symbol file LoadedFromMemory doesn't match image C:\Users\saran\Desktop\4410\4410 game\4410_game\BTBA\Library\PackageCache\com.unity.visualscripting@1.8.0\Editor\VisualScripting.Core\Dependencies\YamlDotNet\Unity.VisualScripting.YamlDotNet.dll
Symbol file LoadedFromMemory doesn't match image C:\Users\saran\Desktop\4410\4410 game\4410_game\BTBA\Library\PackageCache\com.unity.visualscripting@1.8.0\Editor\VisualScripting.Core\Dependencies\DotNetZip\Unity.VisualScripting.IonicZip.dll
Native extension for WindowsStandalone target not found
Refreshing native plugins compatible for Editor in 116.98 ms, found 3 plugins.
Preloading 0 native plugins for Editor in 0.00 ms.
Mono: successfully reloaded assembly
- Completed reload, in  1.046 seconds
Domain Reload Profiling:
	ReloadAssembly (1047ms)
		BeginReloadAssembly (72ms)
			ExecutionOrderSort (0ms)
			DisableScriptedObjects (4ms)
			BackupInstance (0ms)
			ReleaseScriptingObjects (0ms)
			CreateAndSetChildDomain (14ms)
		EndReloadAssembly (896ms)
			LoadAssemblies (66ms)
			RebuildTransferFunctionScriptingTraits (0ms)
			SetupTypeCache (206ms)
			ReleaseScriptCaches (1ms)
			RebuildScriptCaches (42ms)
			SetupLoadedEditorAssemblies (553ms)
				LogAssemblyErrors (0ms)
				InitializePlatformSupportModulesInManaged (3ms)
				SetLoadedEditorAssemblies (0ms)
				RefreshPlugins (117ms)
				BeforeProcessingInitializeOnLoad (95ms)
				ProcessInitializeOnLoadAttributes (280ms)
				ProcessInitializeOnLoadMethodAttributes (53ms)
				AfterProcessingInitializeOnLoad (5ms)
				EditorAssembliesLoaded (0ms)
			ExecutionOrderSort2 (0ms)
			AwakeInstancesAfterBackupRestoration (4ms)
Platform modules already initialized, skipping
========================================================================
Worker process is ready to serve import requests
Launched and connected shader compiler UnityShaderCompiler.exe after 0.03 seconds
Refreshing native plugins compatible for Editor in 1.57 ms, found 3 plugins.
Preloading 0 native plugins for Editor in 0.00 ms.
Unloading 6255 Unused Serialized files (Serialized files now loaded: 0)
Unloading 71 unused Assets / (2.1 MB). Loaded Objects now: 6707.
Memory consumption went from 272.0 MB to 270.0 MB.
Total: 3.740800 ms (FindLiveObjects: 0.405600 ms CreateObjectMapping: 0.297000 ms MarkObjects: 2.575200 ms  DeleteObjects: 0.462500 ms)

AssetImportParameters requested are different than current active one (requested -> active):
  custom:video-decoder-ogg-theora: a1e56fd34408186e4bbccfd4996cb3dc -> 
  custom:container-muxer-webm: aa71ff27fc2769a1b78a27578f13a17b -> 
  custom:container-demuxer-webm: 4f35f7cbe854078d1ac9338744f61a02 -> 
  custom:video-encoder-webm-vp8: eb34c28f22e8b96e1ab97ce403110664 -> 
  custom:video-codec-MediaFoundation-h265: e54d7ab0439102e2317fc1e4b246158d -> 
  custom:audio-encoder-webm-vorbis: bf7c407c2cedff20999df2af8eb42d56 -> 
  custom:framework-win-MediaFoundation: 216162199b28c13a410421893ffa2e32 -> 
  custom:container-demuxer-ogg: 62fdf1f143b41e24485cea50d1cbac27 -> 
  custom:video-decoder-webm-vp8: 9c59270c3fd7afecdb556c50c9e8de78 -> 
  custom:audio-decoder-ogg-vorbis: bf7c407c2cedff20999df2af8eb42d56 -> 
========================================================================
Received Import Request.
  Time since last request: 286763.775981 seconds.
  path: Packages/com.unity.render-pipelines.core/Editor/PostProcessing/LensFlareResource/CircleFlareThumbnail@2x.png
  artifactKey: Guid(37e93113453ac0d46863acd4090899c8) Importer(815301076,1909f56bfc062723c751e8b465ee728b)
Start importing Packages/com.unity.render-pipelines.core/Editor/PostProcessing/LensFlareResource/CircleFlareThumbnail@2x.png using Guid(37e93113453ac0d46863acd4090899c8) Importer(815301076,1909f56bfc062723c751e8b465ee728b)  -> (artifact id: '9c5827bf41b8c573e7f1a3cd32c2e8a3') in 0.067598 seconds 
========================================================================
Received Import Request.
  Time since last request: 0.000015 seconds.
  path: Assets/SyntyStudios/PolygonKnights/Models/SM_Bld_Church_Extension_01_Lite_Convex.asset
  artifactKey: Guid(26f6f51ba593cc04a8e86bf09ed09596) Importer(815301076,1909f56bfc062723c751e8b465ee728b)
Start importing Assets/SyntyStudios/PolygonKnights/Models/SM_Bld_Church_Extension_01_Lite_Convex.asset using Guid(26f6f51ba593cc04a8e86bf09ed09596) Importer(815301076,1909f56bfc062723c751e8b465ee728b)  -> (artifact id: 'b8fa4fcfa479c306ff6aacbb8f8b42df') in 0.047944 seconds 
========================================================================
Received Import Request.
  Time since last request: 0.000025 seconds.
  path: Assets/SyntyStudios/PolygonKnights/Models/SM_Bld_Church_Room_01_Convex.asset
  artifactKey: Guid(43908d8f3e5492743b16b3aee335f8ff) Importer(815301076,1909f56bfc062723c751e8b465ee728b)
Start importing Assets/SyntyStudios/PolygonKnights/Models/SM_Bld_Church_Room_01_Convex.asset using Guid(43908d8f3e5492743b16b3aee335f8ff) Importer(815301076,1909f56bfc062723c751e8b465ee728b)  -> (artifact id: 'fb93b0a5b85fe2b4ff13e58b5ac1a58e') in 0.014237 seconds 
========================================================================
Received Import Request.
  Time since last request: 0.000015 seconds.
  path: Assets/SyntyStudios/PolygonKnights/Prefabs/Buildings/Snow/SM_Bld_Church_Room_01_Snow.prefab
  artifactKey: Guid(eb6dc373c6b62434d9eb4505a88c283c) Importer(815301076,1909f56bfc062723c751e8b465ee728b)
Start importing Assets/SyntyStudios/PolygonKnights/Prefabs/Buildings/Snow/SM_Bld_Church_Room_01_Snow.prefab using Guid(eb6dc373c6b62434d9eb4505a88c283c) Importer(815301076,1909f56bfc062723c751e8b465ee728b)  -> (artifact id: 'e197e08e30da9efb156fd4536fa6c7a3') in 0.146072 seconds 
========================================================================
Received Import Request.
  Time since last request: 0.000022 seconds.
  path: Assets/SyntyStudios/PolygonKnights/Prefabs/Buildings/SM_Bld_Church_Room_01.prefab
  artifactKey: Guid(a72279e3b12169c46bafba06303acf4b) Importer(815301076,1909f56bfc062723c751e8b465ee728b)
Start importing Assets/SyntyStudios/PolygonKnights/Prefabs/Buildings/SM_Bld_Church_Room_01.prefab using Guid(a72279e3b12169c46bafba06303acf4b) Importer(815301076,1909f56bfc062723c751e8b465ee728b)  -> (artifact id: 'ea513505ab3829a83147034343ba4435') in 0.009966 seconds 
========================================================================
Received Import Request.
  Time since last request: 0.000025 seconds.
  path: Assets/SyntyStudios/PolygonKnights/Models/SM_Bld_Church_Room_02.fbx
  artifactKey: Guid(149083546418a014f805a58e91713c31) Importer(815301076,1909f56bfc062723c751e8b465ee728b)
Start importing Assets/SyntyStudios/PolygonKnights/Models/SM_Bld_Church_Room_02.fbx using Guid(149083546418a014f805a58e91713c31) Importer(815301076,1909f56bfc062723c751e8b465ee728b)  -> (artifact id: 'eb2dc70ec6c39b4726b31c03b29c2f0a') in 0.033069 seconds 
========================================================================
Received Import Request.
  Time since last request: 0.000023 seconds.
  path: Assets/SyntyStudios/PolygonKnights/Models/SM_Bld_Church_Room_02_Convex.asset
  artifactKey: Guid(1229a312049ed9d46983644eecc1fd9d) Importer(815301076,1909f56bfc062723c751e8b465ee728b)
Start importing Assets/SyntyStudios/PolygonKnights/Models/SM_Bld_Church_Room_02_Convex.asset using Guid(1229a312049ed9d46983644eecc1fd9d) Importer(815301076,1909f56bfc062723c751e8b465ee728b)  -> (artifact id: 'd53e18fc07833de1ed0e4db19d1121e3') in 0.010601 seconds 
========================================================================
Received Import Request.
  Time since last request: 0.000021 seconds.
  path: Packages/com.unity.render-pipelines.core/Editor/PostProcessing/LensFlareResource/PolygonFlareThumbnail.png
  artifactKey: Guid(f0326f07dd50365439f552e7f29218e5) Importer(815301076,1909f56bfc062723c751e8b465ee728b)
Start importing Packages/com.unity.render-pipelines.core/Editor/PostProcessing/LensFlareResource/PolygonFlareThumbnail.png using Guid(f0326f07dd50365439f552e7f29218e5) Importer(815301076,1909f56bfc062723c751e8b465ee728b)  -> (artifact id: '597c252022c7b8967536a43736e147c2') in 0.017452 seconds 
========================================================================
Received Import Request.
  Time since last request: 0.000018 seconds.
  path: Assets/SyntyStudios/PolygonKnights/Prefabs/Buildings/Snow/SM_Bld_Church_Extension_01_Snow.prefab
  artifactKey: Guid(0a72b7f8ab7503a4bb3fd2eaad55d42f) Importer(815301076,1909f56bfc062723c751e8b465ee728b)
Start importing Assets/SyntyStudios/PolygonKnights/Prefabs/Buildings/Snow/SM_Bld_Church_Extension_01_Snow.prefab using Guid(0a72b7f8ab7503a4bb3fd2eaad55d42f) Importer(815301076,1909f56bfc062723c751e8b465ee728b)  -> (artifact id: '98ea91520d096c22372cd1fa9c4837ec') in 0.024354 seconds 
========================================================================
Received Import Request.
  Time since last request: 0.000024 seconds.
  path: Assets/SyntyStudios/PolygonKnights/Models/SM_Bld_Church_Extension_01_Convex.asset
  artifactKey: Guid(e24a64279f9a89f41a21fb0c8846c961) Importer(815301076,1909f56bfc062723c751e8b465ee728b)
Start importing Assets/SyntyStudios/PolygonKnights/Models/SM_Bld_Church_Extension_01_Convex.asset using Guid(e24a64279f9a89f41a21fb0c8846c961) Importer(815301076,1909f56bfc062723c751e8b465ee728b)  -> (artifact id: 'f6a9b8ad6dd2b3c2c9ad96f8d5beab12') in 0.008488 seconds 
========================================================================
Received Import Request.
  Time since last request: 0.000027 seconds.
  path: Assets/SyntyStudios/PolygonKnights/Prefabs/Buildings/SM_Bld_Church_Room_02.prefab
  artifactKey: Guid(9a16735a8eacd8b48933ccdf6dfffe45) Importer(815301076,1909f56bfc062723c751e8b465ee728b)
Start importing Assets/SyntyStudios/PolygonKnights/Prefabs/Buildings/SM_Bld_Church_Room_02.prefab using Guid(9a16735a8eacd8b48933ccdf6dfffe45) Importer(815301076,1909f56bfc062723c751e8b465ee728b)  -> (artifact id: 'b5ee20cde9d53693166ca2e043c913de') in 0.011215 seconds 
========================================================================
Received Import Request.
  Time since last request: 0.000020 seconds.
  path: Assets/SyntyStudios/PolygonKnights/Models/SM_Bld_Church_Extension_01.fbx
  artifactKey: Guid(35fe8825dd7b5b24ca4dc1e587edc6b3) Importer(815301076,1909f56bfc062723c751e8b465ee728b)
Start importing Assets/SyntyStudios/PolygonKnights/Models/SM_Bld_Church_Extension_01.fbx using Guid(35fe8825dd7b5b24ca4dc1e587edc6b3) Importer(815301076,1909f56bfc062723c751e8b465ee728b)  -> (artifact id: '3f41fbb6a64ff8846232cb57194f93d1') in 0.015215 seconds 
========================================================================
Received Import Request.
  Time since last request: 15.538256 seconds.
  path: Packages/com.unity.collab-proxy/Editor/PlasticSCM/Assets/Images/d_ignoredoverlay.png
  artifactKey: Guid(0f5597de928ba6547895c4cdb9fa4185) Importer(815301076,1909f56bfc062723c751e8b465ee728b)
Start importing Packages/com.unity.collab-proxy/Editor/PlasticSCM/Assets/Images/d_ignoredoverlay.png using Guid(0f5597de928ba6547895c4cdb9fa4185) Importer(815301076,1909f56bfc062723c751e8b465ee728b)  -> (artifact id: '229f7bf830dd87105e676822fc78b586') in 0.048751 seconds 
========================================================================
Received Import Request.
  Time since last request: 0.000018 seconds.
  path: Packages/com.unity.collab-proxy/Editor/PlasticSCM/Assets/Images/ignored.png
  artifactKey: Guid(595bc97bc8e1e0b46bd4c2148ba3723a) Importer(815301076,1909f56bfc062723c751e8b465ee728b)
Start importing Packages/com.unity.collab-proxy/Editor/PlasticSCM/Assets/Images/ignored.png using Guid(595bc97bc8e1e0b46bd4c2148ba3723a) Importer(815301076,1909f56bfc062723c751e8b465ee728b)  -> (artifact id: '1739235e3439b79ee38ba063630c7171') in 0.039530 seconds 
========================================================================
Received Import Request.
  Time since last request: 0.000024 seconds.
  path: Packages/com.unity.collab-proxy/Editor/PlasticSCM/Assets/Images/ignoredoverlay@2x.png
  artifactKey: Guid(999d04c0ea94ccc41b3d80788160695b) Importer(815301076,1909f56bfc062723c751e8b465ee728b)
Start importing Packages/com.unity.collab-proxy/Editor/PlasticSCM/Assets/Images/ignoredoverlay@2x.png using Guid(999d04c0ea94ccc41b3d80788160695b) Importer(815301076,1909f56bfc062723c751e8b465ee728b)  -> (artifact id: '32a14864ac307ac36cb878d53ddbd078') in 0.035145 seconds 
========================================================================
Received Import Request.
  Time since last request: 1.178715 seconds.
  path: Packages/com.unity.services.core/Editor/Core/ProjectBindRedirect/UXML/ProjectBindRedirectContent.uxml
  artifactKey: Guid(c3ea97ea17d794d399434834be23ac62) Importer(815301076,1909f56bfc062723c751e8b465ee728b)
Start importing Packages/com.unity.services.core/Editor/Core/ProjectBindRedirect/UXML/ProjectBindRedirectContent.uxml using Guid(c3ea97ea17d794d399434834be23ac62) Importer(815301076,1909f56bfc062723c751e8b465ee728b)  -> (artifact id: 'a132ba31ca1b8509584f014234cc76dd') in 0.017278 seconds 
========================================================================
Received Import Request.
  Time since last request: 0.015100 seconds.
  path: Packages/com.unity.services.core/Editor/Core/ProjectBindRedirect/USS/ProjectBindRedirectProjectSettings.uss
  artifactKey: Guid(859a95323373144b7a6b438edfc6ee56) Importer(815301076,1909f56bfc062723c751e8b465ee728b)
Start importing Packages/com.unity.services.core/Editor/Core/ProjectBindRedirect/USS/ProjectBindRedirectProjectSettings.uss using Guid(859a95323373144b7a6b438edfc6ee56) Importer(815301076,1909f56bfc062723c751e8b465ee728b)  -> (artifact id: '017799984171ffb70d08090c96a6c4a8') in 0.014094 seconds 
========================================================================
Received Import Request.
  Time since last request: 0.000025 seconds.
  path: Packages/com.unity.shadergraph/Editor/Resources/Styles/RedirectNode.uss
  artifactKey: Guid(e1a4e0aa330ca2f43b4625b248a0539e) Importer(815301076,1909f56bfc062723c751e8b465ee728b)
Start importing Packages/com.unity.shadergraph/Editor/Resources/Styles/RedirectNode.uss using Guid(e1a4e0aa330ca2f43b4625b248a0539e) Importer(815301076,1909f56bfc062723c751e8b465ee728b)  -> (artifact id: 'fbf4cb1e7e6a87cc84441109eb292670') in 0.011240 seconds 
========================================================================
Received Import Request.
  Time since last request: 1.329764 seconds.
  path: Assets/SyntyStudios/PolygonStarter/PolygonPrototype/Prefabs/Buildings/Simple/SM_Buildings_WallChamfered_1x1_01.prefab
  artifactKey: Guid(1222d2e9b6ea4c8478d75934e9a98b46) Importer(815301076,1909f56bfc062723c751e8b465ee728b)
Start importing Assets/SyntyStudios/PolygonStarter/PolygonPrototype/Prefabs/Buildings/Simple/SM_Buildings_WallChamfered_1x1_01.prefab using Guid(1222d2e9b6ea4c8478d75934e9a98b46) Importer(815301076,1909f56bfc062723c751e8b465ee728b)  -> (artifact id: 'ebbac086114e03a0db480ec0ae65e2ea') in 0.029450 seconds 
========================================================================
Received Import Request.
  Time since last request: 0.120169 seconds.
  path: Assets/SyntyStudios/PolygonStarter/PolygonPrototype/Models/SM_Buildings_WallChamfered_2x2_01.fbx
  artifactKey: Guid(471d090967b61644f834501e5a1f4abd) Importer(815301076,1909f56bfc062723c751e8b465ee728b)
Start importing Assets/SyntyStudios/PolygonStarter/PolygonPrototype/Models/SM_Buildings_WallChamfered_2x2_01.fbx using Guid(471d090967b61644f834501e5a1f4abd) Importer(815301076,1909f56bfc062723c751e8b465ee728b)  -> (artifact id: 'e857899fe11847a82b398bb62c76d68b') in 0.015328 seconds 
========================================================================
Received Import Request.
  Time since last request: 0.000021 seconds.
  path: Assets/SyntyStudios/PolygonStarter/PolygonPrototype/Models/SM_Buildings_WallChamfered_2x2_01P.fbx
  artifactKey: Guid(b47667a8840915147a5e57faf2c364d1) Importer(815301076,1909f56bfc062723c751e8b465ee728b)
Start importing Assets/SyntyStudios/PolygonStarter/PolygonPrototype/Models/SM_Buildings_WallChamfered_2x2_01P.fbx using Guid(b47667a8840915147a5e57faf2c364d1) Importer(815301076,1909f56bfc062723c751e8b465ee728b)  -> (artifact id: '2033d424d4030928ef26a54d459da5dd') in 0.016816 seconds 
========================================================================
Received Import Request.
  Time since last request: 0.000027 seconds.
  path: Assets/SyntyStudios/PolygonStarter/PolygonPrototype/Prefabs/Buildings/Polygon/SM_Buildings_WallChamfered_2x2_01P.prefab
  artifactKey: Guid(1a0c2535c014dc54cadd2f2172c087e0) Importer(815301076,1909f56bfc062723c751e8b465ee728b)
Start importing Assets/SyntyStudios/PolygonStarter/PolygonPrototype/Prefabs/Buildings/Polygon/SM_Buildings_WallChamfered_2x2_01P.prefab using Guid(1a0c2535c014dc54cadd2f2172c087e0) Importer(815301076,1909f56bfc062723c751e8b465ee728b)  -> (artifact id: '2eea551108f65aad02de8784d09c723c') in 0.012534 seconds 
========================================================================
Received Import Request.
  Time since last request: 0.000018 seconds.
  path: Assets/SyntyStudios/PolygonStarter/PolygonPrototype/Prefabs/Buildings/Simple/SM_Buildings_WallChamfered_2x2_01.prefab
  artifactKey: Guid(0017824d0587b5a4a8e7e545e1e4f1a9) Importer(815301076,1909f56bfc062723c751e8b465ee728b)
Start importing Assets/SyntyStudios/PolygonStarter/PolygonPrototype/Prefabs/Buildings/Simple/SM_Buildings_WallChamfered_2x2_01.prefab using Guid(0017824d0587b5a4a8e7e545e1e4f1a9) Importer(815301076,1909f56bfc062723c751e8b465ee728b)  -> (artifact id: '732493946bdb4ec2e4d6b1af550fab3b') in 0.014148 seconds 
========================================================================
Received Import Request.
  Time since last request: 1.157777 seconds.
  path: Assets/SyntyStudios/PolygonCity/Models/Collisions/SM_Env_WaterEdge_Corner_02_Convex.asset
  artifactKey: Guid(0eff99918422d444e88d9d3da452be68) Importer(815301076,1909f56bfc062723c751e8b465ee728b)
Start importing Assets/SyntyStudios/PolygonCity/Models/Collisions/SM_Env_WaterEdge_Corner_02_Convex.asset using Guid(0eff99918422d444e88d9d3da452be68) Importer(815301076,1909f56bfc062723c751e8b465ee728b)  -> (artifact id: '864dbd2963ae6e3553d6ffb0cda17663') in 0.012641 seconds 
========================================================================
Received Import Request.
  Time since last request: 0.000023 seconds.
  path: Assets/SyntyStudios/PolygonCity/Prefabs/Environments/SM_Env_WaterEdge_Pipe_01.prefab
  artifactKey: Guid(31bea3e529df47e4eaa3fad5fda198b2) Importer(815301076,1909f56bfc062723c751e8b465ee728b)
Start importing Assets/SyntyStudios/PolygonCity/Prefabs/Environments/SM_Env_WaterEdge_Pipe_01.prefab using Guid(31bea3e529df47e4eaa3fad5fda198b2) Importer(815301076,1909f56bfc062723c751e8b465ee728b)  -> (artifact id: 'be4b68c0b29a080258e720687c95b708') in 0.031994 seconds 
========================================================================
Received Import Request.
  Time since last request: 0.000032 seconds.
  path: Assets/SyntyStudios/PolygonCity/Prefabs/Environments/SM_Env_WaterEdge_Straight_01.prefab
  artifactKey: Guid(91ccf0d6e58213544b5f911bb77f24c0) Importer(815301076,1909f56bfc062723c751e8b465ee728b)
Start importing Assets/SyntyStudios/PolygonCity/Prefabs/Environments/SM_Env_WaterEdge_Straight_01.prefab using Guid(91ccf0d6e58213544b5f911bb77f24c0) Importer(815301076,1909f56bfc062723c751e8b465ee728b)  -> (artifact id: '71289b7252e63d0198892671b6626e89') in 0.035983 seconds 
========================================================================
Received Import Request.
  Time since last request: 0.492137 seconds.
  path: Assets/SyntyStudios/PolygonCity/Prefabs/Environments/SM_Env_WaterEdge_Straight_02.prefab
  artifactKey: Guid(005add2e805dff846a22a816bce2f715) Importer(815301076,1909f56bfc062723c751e8b465ee728b)
Start importing Assets/SyntyStudios/PolygonCity/Prefabs/Environments/SM_Env_WaterEdge_Straight_02.prefab using Guid(005add2e805dff846a22a816bce2f715) Importer(815301076,1909f56bfc062723c751e8b465ee728b)  -> (artifact id: 'd617d0e48af39db1444d81e2ece8d005') in 0.025905 seconds 
========================================================================
Received Import Request.
  Time since last request: 0.000023 seconds.
  path: Assets/SyntyStudios/PolygonCity/Models/SM_Env_WaterEdge_Straight_03.fbx
  artifactKey: Guid(629dbe9aacf49f846833785b60e31854) Importer(815301076,1909f56bfc062723c751e8b465ee728b)
Start importing Assets/SyntyStudios/PolygonCity/Models/SM_Env_WaterEdge_Straight_03.fbx using Guid(629dbe9aacf49f846833785b60e31854) Importer(815301076,1909f56bfc062723c751e8b465ee728b)  -> (artifact id: '2efdb1b2f9664559da13153243200962') in 0.026135 seconds 
========================================================================
Received Import Request.
  Time since last request: 0.535579 seconds.
  path: Packages/com.unity.render-pipelines.universal/Shaders/2D/Include/SpriteMaskShared.hlsl
  artifactKey: Guid(c9ac51d204bc24b118ec6bc5ab6c29c6) Importer(815301076,1909f56bfc062723c751e8b465ee728b)
Start importing Packages/com.unity.render-pipelines.universal/Shaders/2D/Include/SpriteMaskShared.hlsl using Guid(c9ac51d204bc24b118ec6bc5ab6c29c6) Importer(815301076,1909f56bfc062723c751e8b465ee728b)  -> (artifact id: '571ba1ed933dc1d61c04a319f82d8ef4') in 0.011603 seconds 
========================================================================
Received Import Request.
  Time since last request: 0.000030 seconds.
  path: Packages/com.unity.visualscripting/Editor/VisualScripting.Shared/Unity.VisualScripting.Shared.Editor.asmdef
  artifactKey: Guid(8461334e883c84d819a008a46143a5ad) Importer(815301076,1909f56bfc062723c751e8b465ee728b)
Start importing Packages/com.unity.visualscripting/Editor/VisualScripting.Shared/Unity.VisualScripting.Shared.Editor.asmdef using Guid(8461334e883c84d819a008a46143a5ad) Importer(815301076,1909f56bfc062723c751e8b465ee728b)  -> (artifact id: '7381c017ddee60339677899478e8b7f8') in 0.007005 seconds 
Editor requested this worker to shutdown with reason: Scaling down because of idle timeout
AssetImportWorker is now disconnected from the server
Process exiting
Exiting without the bug reporter. Application will terminate with return code 0