Using pre-set license
Built from '2021.3/release' branch; Version is '2021.3.17f1 (3e8111cac19d) revision 4096273'; Using compiler version '192829333'; Build Type 'Release'
OS: 'Windows 11  (10.0.22621) 64bit Professional' Language: 'en' Physical Memory: 32687 MB
BatchMode: 1, IsHumanControllingUs: 0, StartBugReporterOnCrash: 0, Is64bit: 1, IsPro: 1

COMMAND LINE ARGUMENTS:
C:\Program Files\Unity\Hub\Editor\Unity 2021.3.17f1\Editor\Unity.exe
-adb2
-batchMode
-noUpm
-name
AssetImportWorker3
-projectPath
C:/Users/saran/Desktop/4410/4410 game/4410_game/BTBA
-logFile
Logs/AssetImportWorker3.log
-srvPort
58515
Successfully changed project path to: C:/Users/saran/Desktop/4410/4410 game/4410_game/BTBA
C:/Users/saran/Desktop/4410/4410 game/4410_game/BTBA
[UnityMemory] Configuration Parameters - Can be set up in boot.config
    "memorysetup-bucket-allocator-granularity=16"
    "memorysetup-bucket-allocator-bucket-count=8"
    "memorysetup-bucket-allocator-block-size=33554432"
    "memorysetup-bucket-allocator-block-count=8"
    "memorysetup-main-allocator-block-size=16777216"
    "memorysetup-thread-allocator-block-size=16777216"
    "memorysetup-gfx-main-allocator-block-size=16777216"
    "memorysetup-gfx-thread-allocator-block-size=16777216"
    "memorysetup-cache-allocator-block-size=4194304"
    "memorysetup-typetree-allocator-block-size=2097152"
    "memorysetup-profiler-bucket-allocator-granularity=16"
    "memorysetup-profiler-bucket-allocator-bucket-count=8"
    "memorysetup-profiler-bucket-allocator-block-size=33554432"
    "memorysetup-profiler-bucket-allocator-block-count=8"
    "memorysetup-profiler-allocator-block-size=16777216"
    "memorysetup-profiler-editor-allocator-block-size=1048576"
    "memorysetup-temp-allocator-size-main=16777216"
    "memorysetup-job-temp-allocator-block-size=2097152"
    "memorysetup-job-temp-allocator-block-size-background=1048576"
    "memorysetup-job-temp-allocator-reduction-small-platforms=262144"
    "memorysetup-temp-allocator-size-background-worker=32768"
    "memorysetup-temp-allocator-size-job-worker=262144"
    "memorysetup-temp-allocator-size-preload-manager=33554432"
    "memorysetup-temp-allocator-size-nav-mesh-worker=65536"
    "memorysetup-temp-allocator-size-audio-worker=65536"
    "memorysetup-temp-allocator-size-cloud-worker=32768"
    "memorysetup-temp-allocator-size-gi-baking-worker=262144"
    "memorysetup-temp-allocator-size-gfx=262144"
Player connection [27480] Host "[IP] 10.5.0.2 [Port] 0 [Flags] 2 [Guid] 3302167356 [EditorId] 3302167356 [Version] 1048832 [Id] WindowsEditor(7,Aorus) [Debug] 1 [PackageName] WindowsEditor [ProjectName] Editor" joined multi-casting on [225.0.0.222:54997]...

Player connection [27480] Host "[IP] 10.5.0.2 [Port] 0 [Flags] 2 [Guid] 3302167356 [EditorId] 3302167356 [Version] 1048832 [Id] WindowsEditor(7,Aorus) [Debug] 1 [PackageName] WindowsEditor [ProjectName] Editor" joined alternative multi-casting on [225.0.0.222:34997]...

Refreshing native plugins compatible for Editor in 123.54 ms, found 3 plugins.
Preloading 0 native plugins for Editor in 0.00 ms.
Initialize engine version: 2021.3.17f1 (3e8111cac19d)
[Subsystems] Discovering subsystems at path C:/Program Files/Unity/Hub/Editor/Unity 2021.3.17f1/Editor/Data/Resources/UnitySubsystems
[Subsystems] Discovering subsystems at path C:/Users/saran/Desktop/4410/4410 game/4410_game/BTBA/Assets
GfxDevice: creating device client; threaded=0; jobified=0
Direct3D:
    Version:  Direct3D 11.0 [level 11.1]
    Renderer: NVIDIA GeForce RTX 2080 Ti (ID=0x1e07)
    Vendor:   NVIDIA
    VRAM:     11041 MB
    Driver:   31.0.15.3129
Initialize mono
Mono path[0] = 'C:/Program Files/Unity/Hub/Editor/Unity 2021.3.17f1/Editor/Data/Managed'
Mono path[1] = 'C:/Program Files/Unity/Hub/Editor/Unity 2021.3.17f1/Editor/Data/MonoBleedingEdge/lib/mono/unityjit-win32'
Mono config path = 'C:/Program Files/Unity/Hub/Editor/Unity 2021.3.17f1/Editor/Data/MonoBleedingEdge/etc'
Using monoOptions --debugger-agent=transport=dt_socket,embedding=1,server=y,suspend=n,address=127.0.0.1:56236
Begin MonoManager ReloadAssembly
Registering precompiled unity dll's ...
Register platform support module: C:/Program Files/Unity/Hub/Editor/Unity 2021.3.17f1/Editor/Data/PlaybackEngines/WindowsStandaloneSupport/UnityEditor.WindowsStandalone.Extensions.dll
Registered in 0.003527 seconds.
Native extension for WindowsStandalone target not found
Refreshing native plugins compatible for Editor in 119.21 ms, found 3 plugins.
Preloading 0 native plugins for Editor in 0.00 ms.
Mono: successfully reloaded assembly
- Completed reload, in  0.487 seconds
Domain Reload Profiling:
	ReloadAssembly (487ms)
		BeginReloadAssembly (46ms)
			ExecutionOrderSort (0ms)
			DisableScriptedObjects (0ms)
			BackupInstance (0ms)
			ReleaseScriptingObjects (0ms)
			CreateAndSetChildDomain (0ms)
		EndReloadAssembly (368ms)
			LoadAssemblies (44ms)
			RebuildTransferFunctionScriptingTraits (0ms)
			SetupTypeCache (63ms)
			ReleaseScriptCaches (0ms)
			RebuildScriptCaches (17ms)
			SetupLoadedEditorAssemblies (251ms)
				LogAssemblyErrors (0ms)
				InitializePlatformSupportModulesInManaged (5ms)
				SetLoadedEditorAssemblies (0ms)
				RefreshPlugins (119ms)
				BeforeProcessingInitializeOnLoad (2ms)
				ProcessInitializeOnLoadAttributes (96ms)
				ProcessInitializeOnLoadMethodAttributes (28ms)
				AfterProcessingInitializeOnLoad (0ms)
				EditorAssembliesLoaded (0ms)
			ExecutionOrderSort2 (0ms)
			AwakeInstancesAfterBackupRestoration (0ms)
Platform modules already initialized, skipping
Registering precompiled user dll's ...
Registered in 0.006011 seconds.
Begin MonoManager ReloadAssembly
Symbol file LoadedFromMemory doesn't match image C:\Users\saran\Desktop\4410\4410 game\4410_game\BTBA\Library\PackageCache\com.unity.visualscripting@1.8.0\Editor\VisualScripting.Core\Dependencies\YamlDotNet\Unity.VisualScripting.YamlDotNet.dll
Symbol file LoadedFromMemory doesn't match image C:\Users\saran\Desktop\4410\4410 game\4410_game\BTBA\Library\PackageCache\com.unity.visualscripting@1.8.0\Editor\VisualScripting.Core\Dependencies\DotNetZip\Unity.VisualScripting.IonicZip.dll
Native extension for WindowsStandalone target not found
Refreshing native plugins compatible for Editor in 120.86 ms, found 3 plugins.
Preloading 0 native plugins for Editor in 0.00 ms.
Mono: successfully reloaded assembly
- Completed reload, in  1.050 seconds
Domain Reload Profiling:
	ReloadAssembly (1051ms)
		BeginReloadAssembly (73ms)
			ExecutionOrderSort (0ms)
			DisableScriptedObjects (4ms)
			BackupInstance (0ms)
			ReleaseScriptingObjects (0ms)
			CreateAndSetChildDomain (14ms)
		EndReloadAssembly (902ms)
			LoadAssemblies (65ms)
			RebuildTransferFunctionScriptingTraits (0ms)
			SetupTypeCache (207ms)
			ReleaseScriptCaches (1ms)
			RebuildScriptCaches (44ms)
			SetupLoadedEditorAssemblies (555ms)
				LogAssemblyErrors (0ms)
				InitializePlatformSupportModulesInManaged (3ms)
				SetLoadedEditorAssemblies (0ms)
				RefreshPlugins (121ms)
				BeforeProcessingInitializeOnLoad (95ms)
				ProcessInitializeOnLoadAttributes (279ms)
				ProcessInitializeOnLoadMethodAttributes (52ms)
				AfterProcessingInitializeOnLoad (5ms)
				EditorAssembliesLoaded (0ms)
			ExecutionOrderSort2 (0ms)
			AwakeInstancesAfterBackupRestoration (4ms)
Platform modules already initialized, skipping
========================================================================
Worker process is ready to serve import requests
Launched and connected shader compiler UnityShaderCompiler.exe after 0.03 seconds
Refreshing native plugins compatible for Editor in 1.53 ms, found 3 plugins.
Preloading 0 native plugins for Editor in 0.00 ms.
Unloading 6258 Unused Serialized files (Serialized files now loaded: 0)
Unloading 70 unused Assets / (2.0 MB). Loaded Objects now: 6719.
Memory consumption went from 280.7 MB to 278.6 MB.
Total: 3.874200 ms (FindLiveObjects: 0.414500 ms CreateObjectMapping: 0.310000 ms MarkObjects: 2.689500 ms  DeleteObjects: 0.459400 ms)

AssetImportParameters requested are different than current active one (requested -> active):
  custom:video-decoder-ogg-theora: a1e56fd34408186e4bbccfd4996cb3dc -> 
  custom:container-muxer-webm: aa71ff27fc2769a1b78a27578f13a17b -> 
  custom:container-demuxer-webm: 4f35f7cbe854078d1ac9338744f61a02 -> 
  custom:video-encoder-webm-vp8: eb34c28f22e8b96e1ab97ce403110664 -> 
  custom:video-codec-MediaFoundation-h265: e54d7ab0439102e2317fc1e4b246158d -> 
  custom:audio-encoder-webm-vorbis: bf7c407c2cedff20999df2af8eb42d56 -> 
  custom:framework-win-MediaFoundation: 216162199b28c13a410421893ffa2e32 -> 
  custom:container-demuxer-ogg: 62fdf1f143b41e24485cea50d1cbac27 -> 
  custom:video-decoder-webm-vp8: 9c59270c3fd7afecdb556c50c9e8de78 -> 
  custom:audio-decoder-ogg-vorbis: bf7c407c2cedff20999df2af8eb42d56 -> 
========================================================================
Received Import Request.
  Time since last request: 184963.718801 seconds.
  path: Packages/com.unity.probuilder/Content/Icons/Tools/ShapeTool/Door@2x.png
  artifactKey: Guid(0dc0c708f5d18c845b2c60321e211f3f) Importer(815301076,1909f56bfc062723c751e8b465ee728b)
Start importing Packages/com.unity.probuilder/Content/Icons/Tools/ShapeTool/Door@2x.png using Guid(0dc0c708f5d18c845b2c60321e211f3f) Importer(815301076,1909f56bfc062723c751e8b465ee728b)  -> (artifact id: 'a4eec555c3fd28a9c1405c8fff393366') in 0.073886 seconds 
========================================================================
Received Import Request.
  Time since last request: 5.614648 seconds.
  path: Assets/Enviroment/enviroment/Office building/textures/Door Glass.png
  artifactKey: Guid(cee3268bc03c19040b23eac992c88d3e) Importer(815301076,1909f56bfc062723c751e8b465ee728b)
Start importing Assets/Enviroment/enviroment/Office building/textures/Door Glass.png using Guid(cee3268bc03c19040b23eac992c88d3e) Importer(815301076,1909f56bfc062723c751e8b465ee728b)  -> (artifact id: '28231cd41865ae10b9beb04c54b5a7f2') in 0.024819 seconds 
========================================================================
Received Import Request.
  Time since last request: 0.000023 seconds.
  path: Assets/Enviroment/enviroment/Office building/materials Building/Door roof.mat
  artifactKey: Guid(23cd48cd9103e7845862900a85d775ca) Importer(815301076,1909f56bfc062723c751e8b465ee728b)
Start importing Assets/Enviroment/enviroment/Office building/materials Building/Door roof.mat using Guid(23cd48cd9103e7845862900a85d775ca) Importer(815301076,1909f56bfc062723c751e8b465ee728b)  -> (artifact id: '227bdfb1e7e27960211a3545895d6e80') in 0.187558 seconds 
========================================================================
Received Import Request.
  Time since last request: 9.357196 seconds.
  path: Assets/Brick Project Studio/_BPS Basic Assets/_Prefabs/Basic Asset/BA Build Kit/Exterior/Ext_BA_Door Frame_01.prefab
  artifactKey: Guid(680503713abcfb149bae4f505b6c449c) Importer(815301076,1909f56bfc062723c751e8b465ee728b)
Start importing Assets/Brick Project Studio/_BPS Basic Assets/_Prefabs/Basic Asset/BA Build Kit/Exterior/Ext_BA_Door Frame_01.prefab using Guid(680503713abcfb149bae4f505b6c449c) Importer(815301076,1909f56bfc062723c751e8b465ee728b)  -> (artifact id: '5cce874ff0bd393050f9e97c0c33ce1f') in 0.088774 seconds 
========================================================================
Received Import Request.
  Time since last request: 16.894659 seconds.
  path: Assets/SyntyStudios/PolygonKnights/Prefabs/Buildings/Snow/SM_Bld_House_Door_02_Snow.prefab
  artifactKey: Guid(2e67a11c88570aa44b81f74cfda3cb74) Importer(815301076,1909f56bfc062723c751e8b465ee728b)
Start importing Assets/SyntyStudios/PolygonKnights/Prefabs/Buildings/Snow/SM_Bld_House_Door_02_Snow.prefab using Guid(2e67a11c88570aa44b81f74cfda3cb74) Importer(815301076,1909f56bfc062723c751e8b465ee728b)  -> (artifact id: '36228a368c3bab1c2982bf9b529a9161') in 0.022565 seconds 
========================================================================
Received Import Request.
  Time since last request: 23.303651 seconds.
  path: Assets/SyntyStudios/PolygonStarter/Prefabs/SM_PolygonPrototype_Buildings_WallDoor_2x3_01P.prefab
  artifactKey: Guid(dc7c84106cc461e4f8dac748879dbe72) Importer(815301076,1909f56bfc062723c751e8b465ee728b)
Start importing Assets/SyntyStudios/PolygonStarter/Prefabs/SM_PolygonPrototype_Buildings_WallDoor_2x3_01P.prefab using Guid(dc7c84106cc461e4f8dac748879dbe72) Importer(815301076,1909f56bfc062723c751e8b465ee728b)  -> (artifact id: 'c4293a7ee2480c7eaff71e31235accb6') in 0.019241 seconds 
Editor requested this worker to shutdown with reason: Scaling down because of idle timeout
AssetImportWorker is now disconnected from the server
Process exiting
Exiting without the bug reporter. Application will terminate with return code 0